[train-kproj] 104 train facts
[train-kproj] loading google/gemma-4-E2B on mps…
[transformers] `torch_dtype` is deprecated! Use `dtype` instead!
Loading weights:   0%|          | 0/1951 [00:00<?, ?it/s]Loading weights: 100%|██████████| 1951/1951 [00:00<00:00, 33436.11it/s]
[train-kproj] model ready in 5.5s
[train-kproj] building (write_K, query_K) pairs…
[train-kproj] built 16/104 facts
[train-kproj] built 32/104 facts
[train-kproj] built 48/104 facts
[train-kproj] built 64/104 facts
[train-kproj] built 80/104 facts
[train-kproj] built 96/104 facts
[train-kproj] built 520 pairs in 34.3s
[train-kproj] epoch 1 step 50 loss=2.1164
[train-kproj] epoch 3 step 100 loss=1.6425
[train-kproj] epoch 4 step 150 loss=1.5880
[train-kproj] epoch 6 step 200 loss=1.6184
[train-kproj] epoch 7 step 250 loss=1.5727
{
  "n_pairs": 520,
  "n_facts": 104,
  "n_layers": 35,
  "epochs": 8,
  "batch_size": 16,
  "lr": 0.001,
  "temperature": 0.07,
  "loss_first": 2.8926491737365723,
  "loss_last": 0.9548880457878113,
  "is_identity_after_train": false
}
