[X7NL] target=x1_target distractors=10000 sub=all
[X7NL] loading /home/gabira/Desktop/workspace/models/whitelist/gemma-4-31B-it (bf16) → cuda
[transformers] `torch_dtype` is deprecated! Use `dtype` instead!
Loading weights:   0%|          | 0/1188 [00:00<?, ?it/s]Loading weights:  35%|███▍      | 410/1188 [00:00<00:00, 4092.59it/s]Loading weights:  75%|███████▍  | 890/1188 [00:00<00:00, 4487.35it/s]Loading weights: 100%|██████████| 1188/1188 [00:00<00:00, 4311.45it/s]
  A |bank|=   10 s=0 margin=+0.000 ent_bank=2.173 resid=200.54
  A |bank|=   10 s=1 margin=-0.344 ent_bank=2.149 resid=197.71
  A |bank|=   10 s=2 margin=-0.219 ent_bank=2.117 resid=199.05
  A |bank|=   50 s=0 margin=+0.188 ent_bank=3.784 resid=197.42
  A |bank|=   50 s=1 margin=+0.281 ent_bank=3.716 resid=195.80
  A |bank|=   50 s=2 margin=+0.625 ent_bank=3.710 resid=194.37
  A |bank|=  100 s=0 margin=+0.688 ent_bank=4.442 resid=195.97
  A |bank|=  100 s=1 margin=+0.375 ent_bank=4.402 resid=195.65
  A |bank|=  100 s=2 margin=+0.375 ent_bank=4.385 resid=194.74
  A |bank|=  500 s=0 margin=-0.375 ent_bank=5.995 resid=192.74
  A |bank|=  500 s=1 margin=-0.250 ent_bank=6.003 resid=192.60
  A |bank|=  500 s=2 margin=-0.500 ent_bank=5.979 resid=192.19
  A |bank|= 1000 s=0 margin=-0.469 ent_bank=6.680 resid=191.62
  A |bank|= 1000 s=1 margin=-0.188 ent_bank=6.690 resid=191.67
  A |bank|= 1000 s=2 margin=-0.375 ent_bank=6.673 resid=191.11
  A |bank|= 5000 s=0 margin=+0.531 ent_bank=8.291 resid=188.94
  A |bank|= 5000 s=1 margin=+0.562 ent_bank=8.290 resid=188.46
  A |bank|= 5000 s=2 margin=+0.719 ent_bank=8.292 resid=188.31
  [WARN] alpha=0 margin=9.5898e-01 exceeds tol=0.005
  B α= 0.00 s=0 margin=+0.959 resid=194.68
  B α= 0.05 s=0 margin=+4.586 resid=171.78
  B α= 0.10 s=0 margin=-3.238 resid=180.29
  B α= 0.15 s=0 margin=-3.820 resid=185.49
  B α= 0.20 s=0 margin=-0.688 resid=189.36
  B α= 0.25 s=0 margin=-4.625 resid=192.68
  B α= 0.30 s=0 margin=-2.250 resid=194.06
  B α= 0.35 s=0 margin=-1.844 resid=194.34
  B α= 0.40 s=0 margin=-1.594 resid=194.62
  B α= 0.45 s=0 margin=-1.047 resid=194.71
  B α= 0.50 s=0 margin=-0.906 resid=194.71
  B α= 0.55 s=0 margin=-0.344 resid=194.87
  B α= 0.60 s=0 margin=-0.219 resid=195.18
  B α= 0.65 s=0 margin=+0.062 resid=195.20
  B α= 0.70 s=0 margin=+0.406 resid=195.39
  B α= 0.75 s=0 margin=+0.781 resid=195.34
  B α= 0.80 s=0 margin=+0.812 resid=195.20
  B α= 0.85 s=0 margin=+1.094 resid=195.09
  B α= 0.90 s=0 margin=+1.094 resid=194.76
  B α= 0.95 s=0 margin=+1.188 resid=194.49
  B α= 1.00 s=0 margin=+1.000 resid=194.09
  B α= 1.05 s=0 margin=+0.812 resid=193.59
  B α= 1.10 s=0 margin=+0.625 resid=193.33
  B α= 1.15 s=0 margin=+0.406 resid=192.83
  B α= 1.20 s=0 margin=+0.219 resid=192.30
  B α= 1.25 s=0 margin=+0.094 resid=191.99
  B α= 1.30 s=0 margin=-0.062 resid=191.67
  B α= 1.35 s=0 margin=-0.125 resid=191.40
  B α= 1.40 s=0 margin=-0.219 resid=191.02
  B α= 1.45 s=0 margin=-0.188 resid=190.66
  B α= 1.50 s=0 margin=-0.234 resid=190.41
  B α= 1.55 s=0 margin=-0.203 resid=190.30
  B α= 1.60 s=0 margin=-0.250 resid=189.97
  B α= 1.65 s=0 margin=-0.344 resid=189.74
  B α= 1.70 s=0 margin=-0.359 resid=189.59
  B α= 1.75 s=0 margin=-0.328 resid=189.32
  B α= 1.80 s=0 margin=-0.281 resid=189.16
  B α= 1.85 s=0 margin=-0.391 resid=188.90
  B α= 1.90 s=0 margin=-0.422 resid=188.65
  B α= 1.95 s=0 margin=-0.406 resid=188.51
  B α= 2.00 s=0 margin=-0.469 resid=188.40
  [WARN] alpha=0 margin=9.5898e-01 exceeds tol=0.005
  B α= 0.00 s=1 margin=+0.959 resid=194.68
  B α= 0.05 s=1 margin=+3.172 resid=168.24
  B α= 0.10 s=1 margin=-8.648 resid=180.50
  B α= 0.15 s=1 margin=-0.422 resid=187.62
  B α= 0.20 s=1 margin=-6.469 resid=189.92
  B α= 0.25 s=1 margin=-5.938 resid=192.72
  B α= 0.30 s=1 margin=-5.031 resid=194.88
  B α= 0.35 s=1 margin=-3.781 resid=195.19
  B α= 0.40 s=1 margin=-1.781 resid=195.18
  B α= 0.45 s=1 margin=-0.750 resid=194.89
  B α= 0.50 s=1 margin=-0.734 resid=194.70
  B α= 0.55 s=1 margin=-0.797 resid=195.15
  B α= 0.60 s=1 margin=-0.625 resid=195.44
  B α= 0.65 s=1 margin=-0.500 resid=195.60
  B α= 0.70 s=1 margin=-0.312 resid=195.80
  B α= 0.75 s=1 margin=-0.188 resid=195.86
  B α= 0.80 s=1 margin=+0.031 resid=195.63
  B α= 0.85 s=1 margin=+0.156 resid=195.46
  B α= 0.90 s=1 margin=+0.344 resid=195.06
  B α= 0.95 s=1 margin=+0.344 resid=194.95
  B α= 1.00 s=1 margin=+0.281 resid=194.42
  B α= 1.05 s=1 margin=+0.250 resid=193.90
  B α= 1.10 s=1 margin=+0.156 resid=193.65
  B α= 1.15 s=1 margin=+0.156 resid=193.10
  B α= 1.20 s=1 margin=+0.219 resid=192.68
  B α= 1.25 s=1 margin=+0.375 resid=192.12
  B α= 1.30 s=1 margin=+0.219 resid=191.66
  B α= 1.35 s=1 margin=+0.188 resid=191.33
  B α= 1.40 s=1 margin=+0.219 resid=190.97
  B α= 1.45 s=1 margin=+0.219 resid=190.68
  B α= 1.50 s=1 margin=+0.250 resid=190.37
  B α= 1.55 s=1 margin=+0.125 resid=190.13
  B α= 1.60 s=1 margin=+0.188 resid=189.72
  B α= 1.65 s=1 margin=+0.188 resid=189.62
  B α= 1.70 s=1 margin=+0.219 resid=189.33
  B α= 1.75 s=1 margin=+0.250 resid=189.20
  B α= 1.80 s=1 margin=+0.312 resid=188.83
  B α= 1.85 s=1 margin=+0.219 resid=188.61
  B α= 1.90 s=1 margin=+0.250 resid=188.49
  B α= 1.95 s=1 margin=+0.312 resid=188.24
  B α= 2.00 s=1 margin=+0.375 resid=188.07
  [WARN] alpha=0 margin=9.5898e-01 exceeds tol=0.005
  B α= 0.00 s=2 margin=+0.959 resid=194.68
  B α= 0.05 s=2 margin=-3.594 resid=167.62
  B α= 0.10 s=2 margin=-13.289 resid=179.45
  B α= 0.15 s=2 margin=-5.871 resid=185.92
  B α= 0.20 s=2 margin=-8.617 resid=189.41
  B α= 0.25 s=2 margin=-6.656 resid=193.37
  B α= 0.30 s=2 margin=-5.594 resid=194.36
  B α= 0.35 s=2 margin=-3.625 resid=194.61
  B α= 0.40 s=2 margin=-2.328 resid=195.25
  B α= 0.45 s=2 margin=-1.094 resid=194.46
  B α= 0.50 s=2 margin=-0.875 resid=194.45
  B α= 0.55 s=2 margin=-0.969 resid=194.70
  B α= 0.60 s=2 margin=-0.906 resid=194.77
  B α= 0.65 s=2 margin=-0.906 resid=194.95
  B α= 0.70 s=2 margin=-0.719 resid=195.06
  B α= 0.75 s=2 margin=-0.562 resid=195.00
  B α= 0.80 s=2 margin=-0.344 resid=194.99
  B α= 0.85 s=2 margin=-0.188 resid=194.82
  B α= 0.90 s=2 margin=-0.188 resid=194.63
  B α= 0.95 s=2 margin=-0.094 resid=194.37
  B α= 1.00 s=2 margin=-0.188 resid=193.98
  B α= 1.05 s=2 margin=-0.188 resid=193.48
  B α= 1.10 s=2 margin=-0.188 resid=193.15
  B α= 1.15 s=2 margin=-0.250 resid=192.68
  B α= 1.20 s=2 margin=-0.219 resid=192.32
  B α= 1.25 s=2 margin=-0.156 resid=191.82
  B α= 1.30 s=2 margin=-0.094 resid=191.26
  B α= 1.35 s=2 margin=-0.031 resid=190.87
  B α= 1.40 s=2 margin=+0.062 resid=190.41
  B α= 1.45 s=2 margin=+0.062 resid=189.88
  B α= 1.50 s=2 margin=+0.125 resid=189.70
  B α= 1.55 s=2 margin=+0.031 resid=189.32
  B α= 1.60 s=2 margin=+0.062 resid=189.06
  B α= 1.65 s=2 margin=+0.125 resid=188.75
  B α= 1.70 s=2 margin=+0.031 resid=188.49
  B α= 1.75 s=2 margin=+0.156 resid=188.22
  B α= 1.80 s=2 margin=+0.125 resid=188.00
  B α= 1.85 s=2 margin=+0.219 resid=187.68
  B α= 1.90 s=2 margin=+0.250 resid=187.47
  B α= 1.95 s=2 margin=+0.281 resid=187.29
  B α= 2.00 s=2 margin=+0.250 resid=187.13
  C t=  0 s=0 cur=x1_target margin_vs_A=+0.352
  C t=  5 s=0 cur=x1_target_prime margin_vs_A=+2.025
  C t= 10 s=0 cur=x1_target margin_vs_A=+2.531
  C t= 15 s=0 cur=x1_target_prime margin_vs_A=+2.414
  C t= 20 s=0 cur=x1_target margin_vs_A=+2.172
  C t= 25 s=0 cur=x1_target_prime margin_vs_A=+1.453
  C t= 30 s=0 cur=x1_target margin_vs_A=+1.016
  C t= 35 s=0 cur=x1_target_prime margin_vs_A=+0.781
  C t= 40 s=0 cur=x1_target margin_vs_A=+0.734
  C t= 45 s=0 cur=x1_target_prime margin_vs_A=+0.719
  C t=  0 s=1 cur=x1_target margin_vs_A=+0.352
  C t=  5 s=1 cur=x1_target_prime margin_vs_A=+2.025
  C t= 10 s=1 cur=x1_target margin_vs_A=+2.531
  C t= 15 s=1 cur=x1_target_prime margin_vs_A=+2.414
  C t= 20 s=1 cur=x1_target margin_vs_A=+2.172
  C t= 25 s=1 cur=x1_target_prime margin_vs_A=+1.453
  C t= 30 s=1 cur=x1_target margin_vs_A=+1.016
  C t= 35 s=1 cur=x1_target_prime margin_vs_A=+0.781
  C t= 40 s=1 cur=x1_target margin_vs_A=+0.734
  C t= 45 s=1 cur=x1_target_prime margin_vs_A=+0.719
  C t=  0 s=2 cur=x1_target margin_vs_A=+0.352
  C t=  5 s=2 cur=x1_target_prime margin_vs_A=+2.025
  C t= 10 s=2 cur=x1_target margin_vs_A=+2.531
  C t= 15 s=2 cur=x1_target_prime margin_vs_A=+2.414
  C t= 20 s=2 cur=x1_target margin_vs_A=+2.172
  C t= 25 s=2 cur=x1_target_prime margin_vs_A=+1.453
  C t= 30 s=2 cur=x1_target margin_vs_A=+1.016
  C t= 35 s=2 cur=x1_target_prime margin_vs_A=+0.781
  C t= 40 s=2 cur=x1_target margin_vs_A=+0.734
  C t= 45 s=2 cur=x1_target_prime margin_vs_A=+0.719
[X7NL] DONE wrote 291 cells -> /home/gabira/projects/RCV-HC/runs/X7NL_full_v1_gemma4_31B/cells.jsonl
[X7NL.agg] wrote /home/gabira/projects/RCV-HC/runs/X7NL_full_v1_gemma4_31B/summary.json (n_cells=291 n_ok=291)
