[lopi-sweep] total cells = 630
[lopi-sweep] archs=['residual', 'hc', 'mhc'] scales=['gpt2', 'gpt2-medium'] seeds=[0, 1, 2] alphas=[0.0, 0.25, 0.5, 1.0, 2.0, 4.0, 8.0] variants=['A0', 'A1', 'A2', 'A3', 'A4']
[lopi-sweep] loading arch=residual scale=gpt2
Loading weights:   0%|          | 0/148 [00:00<?, ?it/s]Loading weights: 100%|██████████| 148/148 [00:00<00:00, 5112.65it/s]
[   1/630] gpt2/residual seed=0 α=0.0 A0 lift=+0.0000 drift=+0.0000
[   2/630] gpt2/residual seed=0 α=0.0 A1 lift=+0.0000 drift=+0.0000
[   3/630] gpt2/residual seed=0 α=0.0 A2 lift=+0.0000 drift=+0.0000
[   4/630] gpt2/residual seed=0 α=0.0 A3 lift=+0.0000 drift=+0.0000
[   5/630] gpt2/residual seed=0 α=0.0 A4 lift=+0.0000 drift=+0.0000
[   6/630] gpt2/residual seed=0 α=0.25 A0 lift=+0.9723 drift=+0.6384
[   7/630] gpt2/residual seed=0 α=0.25 A1 lift=+1.1685 drift=+0.8856
[   8/630] gpt2/residual seed=0 α=0.25 A2 lift=+0.5633 drift=+0.8314
[   9/630] gpt2/residual seed=0 α=0.25 A3 lift=+0.5633 drift=+0.8314
[  10/630] gpt2/residual seed=0 α=0.25 A4 lift=+0.5660 drift=+0.6324
[  11/630] gpt2/residual seed=0 α=0.5 A0 lift=+1.1446 drift=+0.6755
[  12/630] gpt2/residual seed=0 α=0.5 A1 lift=+1.3491 drift=+1.1039
[  13/630] gpt2/residual seed=0 α=0.5 A2 lift=+1.1300 drift=+1.0548
[  14/630] gpt2/residual seed=0 α=0.5 A3 lift=+1.1300 drift=+1.0548
[  15/630] gpt2/residual seed=0 α=0.5 A4 lift=+0.9021 drift=+0.7839
[  16/630] gpt2/residual seed=0 α=1.0 A0 lift=+1.1912 drift=+0.7002
[  17/630] gpt2/residual seed=0 α=1.0 A1 lift=+1.5233 drift=+1.3873
[  18/630] gpt2/residual seed=0 α=1.0 A2 lift=+1.5978 drift=+1.3928
[  19/630] gpt2/residual seed=0 α=1.0 A3 lift=+1.5978 drift=+1.3928
[  20/630] gpt2/residual seed=0 α=1.0 A4 lift=+1.1499 drift=+0.9143
[  21/630] gpt2/residual seed=0 α=2.0 A0 lift=+0.0691 drift=+0.5557
[  22/630] gpt2/residual seed=0 α=2.0 A1 lift=+0.9009 drift=+1.5601
[  23/630] gpt2/residual seed=0 α=2.0 A2 lift=+1.4568 drift=+1.8646
[  24/630] gpt2/residual seed=0 α=2.0 A3 lift=+1.4568 drift=+1.8646
[  25/630] gpt2/residual seed=0 α=2.0 A4 lift=+1.2810 drift=+1.0916
[  26/630] gpt2/residual seed=0 α=4.0 A0 lift=-0.3568 drift=+3.7195
[  27/630] gpt2/residual seed=0 α=4.0 A1 lift=-2.3224 drift=+4.8622
[  28/630] gpt2/residual seed=0 α=4.0 A2 lift=+1.5408 drift=+2.3961
[  29/630] gpt2/residual seed=0 α=4.0 A3 lift=+1.5408 drift=+2.3961
[  30/630] gpt2/residual seed=0 α=4.0 A4 lift=+1.2962 drift=+1.0605
[  31/630] gpt2/residual seed=0 α=8.0 A0 lift=-0.2473 drift=+5.3396
[  32/630] gpt2/residual seed=0 α=8.0 A1 lift=+0.0307 drift=+5.3203
[  33/630] gpt2/residual seed=0 α=8.0 A2 lift=+1.5691 drift=+2.5844
[  34/630] gpt2/residual seed=0 α=8.0 A3 lift=+1.5691 drift=+2.5844
[  35/630] gpt2/residual seed=0 α=8.0 A4 lift=+1.1606 drift=+0.8293
[  36/630] gpt2/residual seed=1 α=0.0 A0 lift=+0.0000 drift=+0.0000
[  37/630] gpt2/residual seed=1 α=0.0 A1 lift=+0.0000 drift=+0.0000
[  38/630] gpt2/residual seed=1 α=0.0 A2 lift=+0.0000 drift=+0.0000
[  39/630] gpt2/residual seed=1 α=0.0 A3 lift=+0.0000 drift=+0.0000
[  40/630] gpt2/residual seed=1 α=0.0 A4 lift=+0.0000 drift=+0.0000
[  41/630] gpt2/residual seed=1 α=0.25 A0 lift=+0.9723 drift=+0.6384
[  42/630] gpt2/residual seed=1 α=0.25 A1 lift=+1.1685 drift=+0.8856
[  43/630] gpt2/residual seed=1 α=0.25 A2 lift=+0.5633 drift=+0.8314
[  44/630] gpt2/residual seed=1 α=0.25 A3 lift=+0.5633 drift=+0.8314
[  45/630] gpt2/residual seed=1 α=0.25 A4 lift=+0.5660 drift=+0.6324
[  46/630] gpt2/residual seed=1 α=0.5 A0 lift=+1.1446 drift=+0.6755
[  47/630] gpt2/residual seed=1 α=0.5 A1 lift=+1.3491 drift=+1.1039
[  48/630] gpt2/residual seed=1 α=0.5 A2 lift=+1.1300 drift=+1.0548
[  49/630] gpt2/residual seed=1 α=0.5 A3 lift=+1.1300 drift=+1.0548
[  50/630] gpt2/residual seed=1 α=0.5 A4 lift=+0.9021 drift=+0.7839
[  51/630] gpt2/residual seed=1 α=1.0 A0 lift=+1.1912 drift=+0.7002
[  52/630] gpt2/residual seed=1 α=1.0 A1 lift=+1.5233 drift=+1.3873
[  53/630] gpt2/residual seed=1 α=1.0 A2 lift=+1.5978 drift=+1.3928
[  54/630] gpt2/residual seed=1 α=1.0 A3 lift=+1.5978 drift=+1.3928
[  55/630] gpt2/residual seed=1 α=1.0 A4 lift=+1.1499 drift=+0.9143
[  56/630] gpt2/residual seed=1 α=2.0 A0 lift=+0.0691 drift=+0.5557
[  57/630] gpt2/residual seed=1 α=2.0 A1 lift=+0.9009 drift=+1.5601
[  58/630] gpt2/residual seed=1 α=2.0 A2 lift=+1.4568 drift=+1.8646
[  59/630] gpt2/residual seed=1 α=2.0 A3 lift=+1.4568 drift=+1.8646
[  60/630] gpt2/residual seed=1 α=2.0 A4 lift=+1.2810 drift=+1.0916
[  61/630] gpt2/residual seed=1 α=4.0 A0 lift=-0.3568 drift=+3.7195
[  62/630] gpt2/residual seed=1 α=4.0 A1 lift=-2.3224 drift=+4.8622
[  63/630] gpt2/residual seed=1 α=4.0 A2 lift=+1.5408 drift=+2.3961
[  64/630] gpt2/residual seed=1 α=4.0 A3 lift=+1.5408 drift=+2.3961
[  65/630] gpt2/residual seed=1 α=4.0 A4 lift=+1.2962 drift=+1.0605
[  66/630] gpt2/residual seed=1 α=8.0 A0 lift=-0.2473 drift=+5.3396
[  67/630] gpt2/residual seed=1 α=8.0 A1 lift=+0.0307 drift=+5.3203
[  68/630] gpt2/residual seed=1 α=8.0 A2 lift=+1.5691 drift=+2.5844
[  69/630] gpt2/residual seed=1 α=8.0 A3 lift=+1.5691 drift=+2.5844
[  70/630] gpt2/residual seed=1 α=8.0 A4 lift=+1.1606 drift=+0.8293
[  71/630] gpt2/residual seed=2 α=0.0 A0 lift=+0.0000 drift=+0.0000
[  72/630] gpt2/residual seed=2 α=0.0 A1 lift=+0.0000 drift=+0.0000
[  73/630] gpt2/residual seed=2 α=0.0 A2 lift=+0.0000 drift=+0.0000
[  74/630] gpt2/residual seed=2 α=0.0 A3 lift=+0.0000 drift=+0.0000
[  75/630] gpt2/residual seed=2 α=0.0 A4 lift=+0.0000 drift=+0.0000
[  76/630] gpt2/residual seed=2 α=0.25 A0 lift=+0.9723 drift=+0.6384
[  77/630] gpt2/residual seed=2 α=0.25 A1 lift=+1.1685 drift=+0.8856
[  78/630] gpt2/residual seed=2 α=0.25 A2 lift=+0.5633 drift=+0.8314
[  79/630] gpt2/residual seed=2 α=0.25 A3 lift=+0.5633 drift=+0.8314
[  80/630] gpt2/residual seed=2 α=0.25 A4 lift=+0.5660 drift=+0.6324
[  81/630] gpt2/residual seed=2 α=0.5 A0 lift=+1.1446 drift=+0.6755
[  82/630] gpt2/residual seed=2 α=0.5 A1 lift=+1.3491 drift=+1.1039
[  83/630] gpt2/residual seed=2 α=0.5 A2 lift=+1.1300 drift=+1.0548
[  84/630] gpt2/residual seed=2 α=0.5 A3 lift=+1.1300 drift=+1.0548
[  85/630] gpt2/residual seed=2 α=0.5 A4 lift=+0.9021 drift=+0.7839
[  86/630] gpt2/residual seed=2 α=1.0 A0 lift=+1.1912 drift=+0.7002
[  87/630] gpt2/residual seed=2 α=1.0 A1 lift=+1.5233 drift=+1.3873
[  88/630] gpt2/residual seed=2 α=1.0 A2 lift=+1.5978 drift=+1.3928
[  89/630] gpt2/residual seed=2 α=1.0 A3 lift=+1.5978 drift=+1.3928
[  90/630] gpt2/residual seed=2 α=1.0 A4 lift=+1.1499 drift=+0.9143
[  91/630] gpt2/residual seed=2 α=2.0 A0 lift=+0.0691 drift=+0.5557
[  92/630] gpt2/residual seed=2 α=2.0 A1 lift=+0.9009 drift=+1.5601
[  93/630] gpt2/residual seed=2 α=2.0 A2 lift=+1.4568 drift=+1.8646
[  94/630] gpt2/residual seed=2 α=2.0 A3 lift=+1.4568 drift=+1.8646
[  95/630] gpt2/residual seed=2 α=2.0 A4 lift=+1.2810 drift=+1.0916
[  96/630] gpt2/residual seed=2 α=4.0 A0 lift=-0.3568 drift=+3.7195
[  97/630] gpt2/residual seed=2 α=4.0 A1 lift=-2.3224 drift=+4.8622
[  98/630] gpt2/residual seed=2 α=4.0 A2 lift=+1.5408 drift=+2.3961
[  99/630] gpt2/residual seed=2 α=4.0 A3 lift=+1.5408 drift=+2.3961
[ 100/630] gpt2/residual seed=2 α=4.0 A4 lift=+1.2962 drift=+1.0605
[ 101/630] gpt2/residual seed=2 α=8.0 A0 lift=-0.2473 drift=+5.3396
[ 102/630] gpt2/residual seed=2 α=8.0 A1 lift=+0.0307 drift=+5.3203
[ 103/630] gpt2/residual seed=2 α=8.0 A2 lift=+1.5691 drift=+2.5844
[ 104/630] gpt2/residual seed=2 α=8.0 A3 lift=+1.5691 drift=+2.5844
[ 105/630] gpt2/residual seed=2 α=8.0 A4 lift=+1.1606 drift=+0.8293
[lopi-sweep] loading arch=hc scale=gpt2
Loading weights:   0%|          | 0/148 [00:00<?, ?it/s]Loading weights: 100%|██████████| 148/148 [00:00<00:00, 14303.49it/s]
[transformers] `use_return_dict` is deprecated! Use `return_dict` instead!
[ 106/630] gpt2/hc seed=0 α=0.0 A0 lift=+0.0000 drift=+0.0000
[ 107/630] gpt2/hc seed=0 α=0.0 A1 lift=+0.0000 drift=+0.0000
[ 108/630] gpt2/hc seed=0 α=0.0 A2 lift=+0.0000 drift=+0.0000
[ 109/630] gpt2/hc seed=0 α=0.0 A3 lift=+0.0000 drift=+0.0000
[ 110/630] gpt2/hc seed=0 α=0.0 A4 lift=+0.0000 drift=+0.0000
[ 111/630] gpt2/hc seed=0 α=0.25 A0 lift=+1.3234 drift=+1.7293
[ 112/630] gpt2/hc seed=0 α=0.25 A1 lift=+1.2488 drift=+1.8855
[ 113/630] gpt2/hc seed=0 α=0.25 A2 lift=+1.4531 drift=+1.7549
[ 114/630] gpt2/hc seed=0 α=0.25 A3 lift=+1.4531 drift=+1.7549
[ 115/630] gpt2/hc seed=0 α=0.25 A4 lift=+1.0807 drift=+1.6731
[ 116/630] gpt2/hc seed=0 α=0.5 A0 lift=+0.8740 drift=+1.9172
[ 117/630] gpt2/hc seed=0 α=0.5 A1 lift=+0.8214 drift=+2.0961
[ 118/630] gpt2/hc seed=0 α=0.5 A2 lift=+1.2864 drift=+2.0029
[ 119/630] gpt2/hc seed=0 α=0.5 A3 lift=+1.2864 drift=+2.0029
[ 120/630] gpt2/hc seed=0 α=0.5 A4 lift=+1.0818 drift=+1.8922
[ 121/630] gpt2/hc seed=0 α=1.0 A0 lift=+0.5795 drift=+2.2364
[ 122/630] gpt2/hc seed=0 α=1.0 A1 lift=+0.4454 drift=+2.5325
[ 123/630] gpt2/hc seed=0 α=1.0 A2 lift=+0.8433 drift=+2.2825
[ 124/630] gpt2/hc seed=0 α=1.0 A3 lift=+0.8433 drift=+2.2825
[ 125/630] gpt2/hc seed=0 α=1.0 A4 lift=+0.7441 drift=+2.1918
[ 126/630] gpt2/hc seed=0 α=2.0 A0 lift=+0.7216 drift=+2.0782
[ 127/630] gpt2/hc seed=0 α=2.0 A1 lift=+0.2874 drift=+2.9823
[ 128/630] gpt2/hc seed=0 α=2.0 A2 lift=+0.1248 drift=+2.8493
[ 129/630] gpt2/hc seed=0 α=2.0 A3 lift=+0.1248 drift=+2.8493
[ 130/630] gpt2/hc seed=0 α=2.0 A4 lift=+0.1819 drift=+2.6351
[ 131/630] gpt2/hc seed=0 α=4.0 A0 lift=-0.6381 drift=+3.7095
[ 132/630] gpt2/hc seed=0 α=4.0 A1 lift=-0.5557 drift=+5.0447
[ 133/630] gpt2/hc seed=0 α=4.0 A2 lift=-0.2886 drift=+3.7955
[ 134/630] gpt2/hc seed=0 α=4.0 A3 lift=-0.2886 drift=+3.7955
[ 135/630] gpt2/hc seed=0 α=4.0 A4 lift=+0.2610 drift=+2.8709
[ 136/630] gpt2/hc seed=0 α=8.0 A0 lift=+0.4276 drift=+6.4343
[ 137/630] gpt2/hc seed=0 α=8.0 A1 lift=+0.8662 drift=+5.2333
[ 138/630] gpt2/hc seed=0 α=8.0 A2 lift=-0.8597 drift=+4.7354
[ 139/630] gpt2/hc seed=0 α=8.0 A3 lift=-0.8597 drift=+4.7354
[ 140/630] gpt2/hc seed=0 α=8.0 A4 lift=-0.0434 drift=+2.5391
[ 141/630] gpt2/hc seed=1 α=0.0 A0 lift=+0.0000 drift=+0.0000
[ 142/630] gpt2/hc seed=1 α=0.0 A1 lift=+0.0000 drift=+0.0000
[ 143/630] gpt2/hc seed=1 α=0.0 A2 lift=+0.0000 drift=+0.0000
[ 144/630] gpt2/hc seed=1 α=0.0 A3 lift=+0.0000 drift=+0.0000
[ 145/630] gpt2/hc seed=1 α=0.0 A4 lift=+0.0000 drift=+0.0000
[ 146/630] gpt2/hc seed=1 α=0.25 A0 lift=+1.3234 drift=+1.7293
[ 147/630] gpt2/hc seed=1 α=0.25 A1 lift=+1.2488 drift=+1.8855
[ 148/630] gpt2/hc seed=1 α=0.25 A2 lift=+1.4531 drift=+1.7549
[ 149/630] gpt2/hc seed=1 α=0.25 A3 lift=+1.4531 drift=+1.7549
[ 150/630] gpt2/hc seed=1 α=0.25 A4 lift=+1.0807 drift=+1.6731
[ 151/630] gpt2/hc seed=1 α=0.5 A0 lift=+0.8740 drift=+1.9172
[ 152/630] gpt2/hc seed=1 α=0.5 A1 lift=+0.8214 drift=+2.0961
[ 153/630] gpt2/hc seed=1 α=0.5 A2 lift=+1.2864 drift=+2.0029
[ 154/630] gpt2/hc seed=1 α=0.5 A3 lift=+1.2864 drift=+2.0029
[ 155/630] gpt2/hc seed=1 α=0.5 A4 lift=+1.0818 drift=+1.8922
[ 156/630] gpt2/hc seed=1 α=1.0 A0 lift=+0.5795 drift=+2.2364
[ 157/630] gpt2/hc seed=1 α=1.0 A1 lift=+0.4454 drift=+2.5325
[ 158/630] gpt2/hc seed=1 α=1.0 A2 lift=+0.8433 drift=+2.2825
[ 159/630] gpt2/hc seed=1 α=1.0 A3 lift=+0.8433 drift=+2.2825
[ 160/630] gpt2/hc seed=1 α=1.0 A4 lift=+0.7441 drift=+2.1918
[ 161/630] gpt2/hc seed=1 α=2.0 A0 lift=+0.7216 drift=+2.0782
[ 162/630] gpt2/hc seed=1 α=2.0 A1 lift=+0.2874 drift=+2.9823
[ 163/630] gpt2/hc seed=1 α=2.0 A2 lift=+0.1248 drift=+2.8493
[ 164/630] gpt2/hc seed=1 α=2.0 A3 lift=+0.1248 drift=+2.8493
[ 165/630] gpt2/hc seed=1 α=2.0 A4 lift=+0.1819 drift=+2.6351
[ 166/630] gpt2/hc seed=1 α=4.0 A0 lift=-0.6381 drift=+3.7095
[ 167/630] gpt2/hc seed=1 α=4.0 A1 lift=-0.5557 drift=+5.0447
[ 168/630] gpt2/hc seed=1 α=4.0 A2 lift=-0.2886 drift=+3.7955
[ 169/630] gpt2/hc seed=1 α=4.0 A3 lift=-0.2886 drift=+3.7955
[ 170/630] gpt2/hc seed=1 α=4.0 A4 lift=+0.2610 drift=+2.8709
[ 171/630] gpt2/hc seed=1 α=8.0 A0 lift=+0.4276 drift=+6.4343
[ 172/630] gpt2/hc seed=1 α=8.0 A1 lift=+0.8662 drift=+5.2333
[ 173/630] gpt2/hc seed=1 α=8.0 A2 lift=-0.8597 drift=+4.7354
[ 174/630] gpt2/hc seed=1 α=8.0 A3 lift=-0.8597 drift=+4.7354
[ 175/630] gpt2/hc seed=1 α=8.0 A4 lift=-0.0434 drift=+2.5391
[ 176/630] gpt2/hc seed=2 α=0.0 A0 lift=+0.0000 drift=+0.0000
[ 177/630] gpt2/hc seed=2 α=0.0 A1 lift=+0.0000 drift=+0.0000
[ 178/630] gpt2/hc seed=2 α=0.0 A2 lift=+0.0000 drift=+0.0000
[ 179/630] gpt2/hc seed=2 α=0.0 A3 lift=+0.0000 drift=+0.0000
[ 180/630] gpt2/hc seed=2 α=0.0 A4 lift=+0.0000 drift=+0.0000
[ 181/630] gpt2/hc seed=2 α=0.25 A0 lift=+1.3234 drift=+1.7293
[ 182/630] gpt2/hc seed=2 α=0.25 A1 lift=+1.2488 drift=+1.8855
[ 183/630] gpt2/hc seed=2 α=0.25 A2 lift=+1.4531 drift=+1.7549
[ 184/630] gpt2/hc seed=2 α=0.25 A3 lift=+1.4531 drift=+1.7549
[ 185/630] gpt2/hc seed=2 α=0.25 A4 lift=+1.0807 drift=+1.6731
[ 186/630] gpt2/hc seed=2 α=0.5 A0 lift=+0.8740 drift=+1.9172
[ 187/630] gpt2/hc seed=2 α=0.5 A1 lift=+0.8214 drift=+2.0961
[ 188/630] gpt2/hc seed=2 α=0.5 A2 lift=+1.2864 drift=+2.0029
[ 189/630] gpt2/hc seed=2 α=0.5 A3 lift=+1.2864 drift=+2.0029
[ 190/630] gpt2/hc seed=2 α=0.5 A4 lift=+1.0818 drift=+1.8922
[ 191/630] gpt2/hc seed=2 α=1.0 A0 lift=+0.5795 drift=+2.2364
[ 192/630] gpt2/hc seed=2 α=1.0 A1 lift=+0.4454 drift=+2.5325
[ 193/630] gpt2/hc seed=2 α=1.0 A2 lift=+0.8433 drift=+2.2825
[ 194/630] gpt2/hc seed=2 α=1.0 A3 lift=+0.8433 drift=+2.2825
[ 195/630] gpt2/hc seed=2 α=1.0 A4 lift=+0.7441 drift=+2.1918
[ 196/630] gpt2/hc seed=2 α=2.0 A0 lift=+0.7216 drift=+2.0782
[ 197/630] gpt2/hc seed=2 α=2.0 A1 lift=+0.2874 drift=+2.9823
[ 198/630] gpt2/hc seed=2 α=2.0 A2 lift=+0.1248 drift=+2.8493
[ 199/630] gpt2/hc seed=2 α=2.0 A3 lift=+0.1248 drift=+2.8493
[ 200/630] gpt2/hc seed=2 α=2.0 A4 lift=+0.1819 drift=+2.6351
[ 201/630] gpt2/hc seed=2 α=4.0 A0 lift=-0.6381 drift=+3.7095
[ 202/630] gpt2/hc seed=2 α=4.0 A1 lift=-0.5557 drift=+5.0447
[ 203/630] gpt2/hc seed=2 α=4.0 A2 lift=-0.2886 drift=+3.7955
[ 204/630] gpt2/hc seed=2 α=4.0 A3 lift=-0.2886 drift=+3.7955
[ 205/630] gpt2/hc seed=2 α=4.0 A4 lift=+0.2610 drift=+2.8709
[ 206/630] gpt2/hc seed=2 α=8.0 A0 lift=+0.4276 drift=+6.4343
[ 207/630] gpt2/hc seed=2 α=8.0 A1 lift=+0.8662 drift=+5.2333
[ 208/630] gpt2/hc seed=2 α=8.0 A2 lift=-0.8597 drift=+4.7354
[ 209/630] gpt2/hc seed=2 α=8.0 A3 lift=-0.8597 drift=+4.7354
[ 210/630] gpt2/hc seed=2 α=8.0 A4 lift=-0.0434 drift=+2.5391
[lopi-sweep] loading arch=mhc scale=gpt2
Loading weights:   0%|          | 0/148 [00:00<?, ?it/s]Loading weights: 100%|██████████| 148/148 [00:00<00:00, 21209.41it/s]
[ 211/630] gpt2/mhc seed=0 α=0.0 A0 lift=+0.0000 drift=+0.0000
[ 212/630] gpt2/mhc seed=0 α=0.0 A1 lift=+0.0000 drift=+0.0000
[ 213/630] gpt2/mhc seed=0 α=0.0 A2 lift=+0.0000 drift=+0.0000
[ 214/630] gpt2/mhc seed=0 α=0.0 A3 lift=+0.0000 drift=+0.0000
[ 215/630] gpt2/mhc seed=0 α=0.0 A4 lift=+0.0000 drift=+0.0000
[ 216/630] gpt2/mhc seed=0 α=0.25 A0 lift=+1.3234 drift=+1.7293
[ 217/630] gpt2/mhc seed=0 α=0.25 A1 lift=+1.2488 drift=+1.8855
[ 218/630] gpt2/mhc seed=0 α=0.25 A2 lift=+1.4531 drift=+1.7549
[ 219/630] gpt2/mhc seed=0 α=0.25 A3 lift=+1.4531 drift=+1.7549
[ 220/630] gpt2/mhc seed=0 α=0.25 A4 lift=+1.0807 drift=+1.6731
[ 221/630] gpt2/mhc seed=0 α=0.5 A0 lift=+0.8740 drift=+1.9172
[ 222/630] gpt2/mhc seed=0 α=0.5 A1 lift=+0.8214 drift=+2.0961
[ 223/630] gpt2/mhc seed=0 α=0.5 A2 lift=+1.2864 drift=+2.0029
[ 224/630] gpt2/mhc seed=0 α=0.5 A3 lift=+1.2864 drift=+2.0029
[ 225/630] gpt2/mhc seed=0 α=0.5 A4 lift=+1.0818 drift=+1.8922
[ 226/630] gpt2/mhc seed=0 α=1.0 A0 lift=+0.5795 drift=+2.2364
[ 227/630] gpt2/mhc seed=0 α=1.0 A1 lift=+0.4454 drift=+2.5325
[ 228/630] gpt2/mhc seed=0 α=1.0 A2 lift=+0.8433 drift=+2.2825
[ 229/630] gpt2/mhc seed=0 α=1.0 A3 lift=+0.8433 drift=+2.2825
[ 230/630] gpt2/mhc seed=0 α=1.0 A4 lift=+0.7441 drift=+2.1918
[ 231/630] gpt2/mhc seed=0 α=2.0 A0 lift=+0.7216 drift=+2.0782
[ 232/630] gpt2/mhc seed=0 α=2.0 A1 lift=+0.2874 drift=+2.9823
[ 233/630] gpt2/mhc seed=0 α=2.0 A2 lift=+0.1248 drift=+2.8493
[ 234/630] gpt2/mhc seed=0 α=2.0 A3 lift=+0.1248 drift=+2.8493
[ 235/630] gpt2/mhc seed=0 α=2.0 A4 lift=+0.1819 drift=+2.6351
[ 236/630] gpt2/mhc seed=0 α=4.0 A0 lift=-0.6381 drift=+3.7095
[ 237/630] gpt2/mhc seed=0 α=4.0 A1 lift=-0.5557 drift=+5.0447
[ 238/630] gpt2/mhc seed=0 α=4.0 A2 lift=-0.2886 drift=+3.7955
[ 239/630] gpt2/mhc seed=0 α=4.0 A3 lift=-0.2886 drift=+3.7955
[ 240/630] gpt2/mhc seed=0 α=4.0 A4 lift=+0.2610 drift=+2.8709
[ 241/630] gpt2/mhc seed=0 α=8.0 A0 lift=+0.4276 drift=+6.4343
[ 242/630] gpt2/mhc seed=0 α=8.0 A1 lift=+0.8662 drift=+5.2333
[ 243/630] gpt2/mhc seed=0 α=8.0 A2 lift=-0.8597 drift=+4.7354
[ 244/630] gpt2/mhc seed=0 α=8.0 A3 lift=-0.8597 drift=+4.7354
[ 245/630] gpt2/mhc seed=0 α=8.0 A4 lift=-0.0434 drift=+2.5391
[ 246/630] gpt2/mhc seed=1 α=0.0 A0 lift=+0.0000 drift=+0.0000
[ 247/630] gpt2/mhc seed=1 α=0.0 A1 lift=+0.0000 drift=+0.0000
[ 248/630] gpt2/mhc seed=1 α=0.0 A2 lift=+0.0000 drift=+0.0000
[ 249/630] gpt2/mhc seed=1 α=0.0 A3 lift=+0.0000 drift=+0.0000
[ 250/630] gpt2/mhc seed=1 α=0.0 A4 lift=+0.0000 drift=+0.0000
[ 251/630] gpt2/mhc seed=1 α=0.25 A0 lift=+1.3234 drift=+1.7293
[ 252/630] gpt2/mhc seed=1 α=0.25 A1 lift=+1.2488 drift=+1.8855
[ 253/630] gpt2/mhc seed=1 α=0.25 A2 lift=+1.4531 drift=+1.7549
[ 254/630] gpt2/mhc seed=1 α=0.25 A3 lift=+1.4531 drift=+1.7549
[ 255/630] gpt2/mhc seed=1 α=0.25 A4 lift=+1.0807 drift=+1.6731
[ 256/630] gpt2/mhc seed=1 α=0.5 A0 lift=+0.8740 drift=+1.9172
[ 257/630] gpt2/mhc seed=1 α=0.5 A1 lift=+0.8214 drift=+2.0961
[ 258/630] gpt2/mhc seed=1 α=0.5 A2 lift=+1.2864 drift=+2.0029
[ 259/630] gpt2/mhc seed=1 α=0.5 A3 lift=+1.2864 drift=+2.0029
[ 260/630] gpt2/mhc seed=1 α=0.5 A4 lift=+1.0818 drift=+1.8922
[ 261/630] gpt2/mhc seed=1 α=1.0 A0 lift=+0.5795 drift=+2.2364
[ 262/630] gpt2/mhc seed=1 α=1.0 A1 lift=+0.4454 drift=+2.5325
[ 263/630] gpt2/mhc seed=1 α=1.0 A2 lift=+0.8433 drift=+2.2825
[ 264/630] gpt2/mhc seed=1 α=1.0 A3 lift=+0.8433 drift=+2.2825
[ 265/630] gpt2/mhc seed=1 α=1.0 A4 lift=+0.7441 drift=+2.1918
[ 266/630] gpt2/mhc seed=1 α=2.0 A0 lift=+0.7216 drift=+2.0782
[ 267/630] gpt2/mhc seed=1 α=2.0 A1 lift=+0.2874 drift=+2.9823
[ 268/630] gpt2/mhc seed=1 α=2.0 A2 lift=+0.1248 drift=+2.8493
[ 269/630] gpt2/mhc seed=1 α=2.0 A3 lift=+0.1248 drift=+2.8493
[ 270/630] gpt2/mhc seed=1 α=2.0 A4 lift=+0.1819 drift=+2.6351
[ 271/630] gpt2/mhc seed=1 α=4.0 A0 lift=-0.6381 drift=+3.7095
[ 272/630] gpt2/mhc seed=1 α=4.0 A1 lift=-0.5557 drift=+5.0447
[ 273/630] gpt2/mhc seed=1 α=4.0 A2 lift=-0.2886 drift=+3.7955
[ 274/630] gpt2/mhc seed=1 α=4.0 A3 lift=-0.2886 drift=+3.7955
[ 275/630] gpt2/mhc seed=1 α=4.0 A4 lift=+0.2610 drift=+2.8709
[ 276/630] gpt2/mhc seed=1 α=8.0 A0 lift=+0.4276 drift=+6.4343
[ 277/630] gpt2/mhc seed=1 α=8.0 A1 lift=+0.8662 drift=+5.2333
[ 278/630] gpt2/mhc seed=1 α=8.0 A2 lift=-0.8597 drift=+4.7354
[ 279/630] gpt2/mhc seed=1 α=8.0 A3 lift=-0.8597 drift=+4.7354
[ 280/630] gpt2/mhc seed=1 α=8.0 A4 lift=-0.0434 drift=+2.5391
[ 281/630] gpt2/mhc seed=2 α=0.0 A0 lift=+0.0000 drift=+0.0000
[ 282/630] gpt2/mhc seed=2 α=0.0 A1 lift=+0.0000 drift=+0.0000
[ 283/630] gpt2/mhc seed=2 α=0.0 A2 lift=+0.0000 drift=+0.0000
[ 284/630] gpt2/mhc seed=2 α=0.0 A3 lift=+0.0000 drift=+0.0000
[ 285/630] gpt2/mhc seed=2 α=0.0 A4 lift=+0.0000 drift=+0.0000
[ 286/630] gpt2/mhc seed=2 α=0.25 A0 lift=+1.3234 drift=+1.7293
[ 287/630] gpt2/mhc seed=2 α=0.25 A1 lift=+1.2488 drift=+1.8855
[ 288/630] gpt2/mhc seed=2 α=0.25 A2 lift=+1.4531 drift=+1.7549
[ 289/630] gpt2/mhc seed=2 α=0.25 A3 lift=+1.4531 drift=+1.7549
[ 290/630] gpt2/mhc seed=2 α=0.25 A4 lift=+1.0807 drift=+1.6731
[ 291/630] gpt2/mhc seed=2 α=0.5 A0 lift=+0.8740 drift=+1.9172
[ 292/630] gpt2/mhc seed=2 α=0.5 A1 lift=+0.8214 drift=+2.0961
[ 293/630] gpt2/mhc seed=2 α=0.5 A2 lift=+1.2864 drift=+2.0029
[ 294/630] gpt2/mhc seed=2 α=0.5 A3 lift=+1.2864 drift=+2.0029
[ 295/630] gpt2/mhc seed=2 α=0.5 A4 lift=+1.0818 drift=+1.8922
[ 296/630] gpt2/mhc seed=2 α=1.0 A0 lift=+0.5795 drift=+2.2364
[ 297/630] gpt2/mhc seed=2 α=1.0 A1 lift=+0.4454 drift=+2.5325
[ 298/630] gpt2/mhc seed=2 α=1.0 A2 lift=+0.8433 drift=+2.2825
[ 299/630] gpt2/mhc seed=2 α=1.0 A3 lift=+0.8433 drift=+2.2825
[ 300/630] gpt2/mhc seed=2 α=1.0 A4 lift=+0.7441 drift=+2.1918
[ 301/630] gpt2/mhc seed=2 α=2.0 A0 lift=+0.7216 drift=+2.0782
[ 302/630] gpt2/mhc seed=2 α=2.0 A1 lift=+0.2874 drift=+2.9823
[ 303/630] gpt2/mhc seed=2 α=2.0 A2 lift=+0.1248 drift=+2.8493
[ 304/630] gpt2/mhc seed=2 α=2.0 A3 lift=+0.1248 drift=+2.8493
[ 305/630] gpt2/mhc seed=2 α=2.0 A4 lift=+0.1819 drift=+2.6351
[ 306/630] gpt2/mhc seed=2 α=4.0 A0 lift=-0.6381 drift=+3.7095
[ 307/630] gpt2/mhc seed=2 α=4.0 A1 lift=-0.5557 drift=+5.0447
[ 308/630] gpt2/mhc seed=2 α=4.0 A2 lift=-0.2886 drift=+3.7955
[ 309/630] gpt2/mhc seed=2 α=4.0 A3 lift=-0.2886 drift=+3.7955
[ 310/630] gpt2/mhc seed=2 α=4.0 A4 lift=+0.2610 drift=+2.8709
[ 311/630] gpt2/mhc seed=2 α=8.0 A0 lift=+0.4276 drift=+6.4343
[ 312/630] gpt2/mhc seed=2 α=8.0 A1 lift=+0.8662 drift=+5.2333
[ 313/630] gpt2/mhc seed=2 α=8.0 A2 lift=-0.8597 drift=+4.7354
[ 314/630] gpt2/mhc seed=2 α=8.0 A3 lift=-0.8597 drift=+4.7354
[ 315/630] gpt2/mhc seed=2 α=8.0 A4 lift=-0.0434 drift=+2.5391
[lopi-sweep] loading arch=residual scale=gpt2-medium
Loading weights:   0%|          | 0/292 [00:00<?, ?it/s]Loading weights:  24%|██▍       | 70/292 [00:00<00:00, 690.33it/s]Loading weights:  49%|████▊     | 142/292 [00:00<00:00, 693.36it/s]Loading weights:  73%|███████▎  | 214/292 [00:00<00:00, 692.01it/s]Loading weights:  99%|█████████▊| 288/292 [00:00<00:00, 698.95it/s]Loading weights: 100%|██████████| 292/292 [00:00<00:00, 603.36it/s]
[ 316/630] gpt2-medium/residual seed=0 α=0.0 A0 lift=+0.0000 drift=+0.0000
[ 317/630] gpt2-medium/residual seed=0 α=0.0 A1 lift=+0.0000 drift=+0.0000
[ 318/630] gpt2-medium/residual seed=0 α=0.0 A2 lift=+0.0000 drift=+0.0000
[ 319/630] gpt2-medium/residual seed=0 α=0.0 A3 lift=+0.0000 drift=+0.0000
[ 320/630] gpt2-medium/residual seed=0 α=0.0 A4 lift=+0.0000 drift=+0.0000
[ 321/630] gpt2-medium/residual seed=0 α=0.25 A0 lift=+1.2637 drift=+0.4164
[ 322/630] gpt2-medium/residual seed=0 α=0.25 A1 lift=+1.4163 drift=+0.4764
[ 323/630] gpt2-medium/residual seed=0 α=0.25 A2 lift=+1.2498 drift=+0.5179
[ 324/630] gpt2-medium/residual seed=0 α=0.25 A3 lift=+1.2498 drift=+0.5179
[ 325/630] gpt2-medium/residual seed=0 α=0.25 A4 lift=+1.1910 drift=+0.4848
[ 326/630] gpt2-medium/residual seed=0 α=0.5 A0 lift=+1.2455 drift=+0.2367
[ 327/630] gpt2-medium/residual seed=0 α=0.5 A1 lift=+1.4264 drift=+0.4362
[ 328/630] gpt2-medium/residual seed=0 α=0.5 A2 lift=+1.5175 drift=+0.6343
[ 329/630] gpt2-medium/residual seed=0 α=0.5 A3 lift=+1.5175 drift=+0.6343
[ 330/630] gpt2-medium/residual seed=0 α=0.5 A4 lift=+1.4427 drift=+0.5649
[ 331/630] gpt2-medium/residual seed=0 α=1.0 A0 lift=+0.9392 drift=-0.0539
[ 332/630] gpt2-medium/residual seed=0 α=1.0 A1 lift=+1.5378 drift=+0.2900
[ 333/630] gpt2-medium/residual seed=0 α=1.0 A2 lift=+1.6291 drift=+0.7884
[ 334/630] gpt2-medium/residual seed=0 α=1.0 A3 lift=+1.6291 drift=+0.7884
[ 335/630] gpt2-medium/residual seed=0 α=1.0 A4 lift=+1.6282 drift=+0.6405
[ 336/630] gpt2-medium/residual seed=0 α=2.0 A0 lift=+1.0045 drift=+0.4863
[ 337/630] gpt2-medium/residual seed=0 α=2.0 A1 lift=+1.2328 drift=+0.5633
[ 338/630] gpt2-medium/residual seed=0 α=2.0 A2 lift=+1.5662 drift=+0.8499
[ 339/630] gpt2-medium/residual seed=0 α=2.0 A3 lift=+1.5662 drift=+0.8499
[ 340/630] gpt2-medium/residual seed=0 α=2.0 A4 lift=+1.4776 drift=+0.6030
[ 341/630] gpt2-medium/residual seed=0 α=4.0 A0 lift=+2.6051 drift=+2.0172
[ 342/630] gpt2-medium/residual seed=0 α=4.0 A1 lift=+1.6561 drift=+2.8470
[ 343/630] gpt2-medium/residual seed=0 α=4.0 A2 lift=+1.6355 drift=+0.6211
[ 344/630] gpt2-medium/residual seed=0 α=4.0 A3 lift=+1.6355 drift=+0.6211
[ 345/630] gpt2-medium/residual seed=0 α=4.0 A4 lift=+1.2401 drift=+0.2030
[ 346/630] gpt2-medium/residual seed=0 α=8.0 A0 lift=+2.4607 drift=+7.4050
[ 347/630] gpt2-medium/residual seed=0 α=8.0 A1 lift=+1.9841 drift=+6.2849
[ 348/630] gpt2-medium/residual seed=0 α=8.0 A2 lift=+1.4365 drift=+0.6906
[ 349/630] gpt2-medium/residual seed=0 α=8.0 A3 lift=+1.4365 drift=+0.6906
[ 350/630] gpt2-medium/residual seed=0 α=8.0 A4 lift=+0.8693 drift=+0.3171
[ 351/630] gpt2-medium/residual seed=1 α=0.0 A0 lift=+0.0000 drift=+0.0000
[ 352/630] gpt2-medium/residual seed=1 α=0.0 A1 lift=+0.0000 drift=+0.0000
[ 353/630] gpt2-medium/residual seed=1 α=0.0 A2 lift=+0.0000 drift=+0.0000
[ 354/630] gpt2-medium/residual seed=1 α=0.0 A3 lift=+0.0000 drift=+0.0000
[ 355/630] gpt2-medium/residual seed=1 α=0.0 A4 lift=+0.0000 drift=+0.0000
[ 356/630] gpt2-medium/residual seed=1 α=0.25 A0 lift=+1.2637 drift=+0.4164
[ 357/630] gpt2-medium/residual seed=1 α=0.25 A1 lift=+1.4163 drift=+0.4764
[ 358/630] gpt2-medium/residual seed=1 α=0.25 A2 lift=+1.2498 drift=+0.5179
[ 359/630] gpt2-medium/residual seed=1 α=0.25 A3 lift=+1.2498 drift=+0.5179
[ 360/630] gpt2-medium/residual seed=1 α=0.25 A4 lift=+1.1910 drift=+0.4848
[ 361/630] gpt2-medium/residual seed=1 α=0.5 A0 lift=+1.2455 drift=+0.2367
[ 362/630] gpt2-medium/residual seed=1 α=0.5 A1 lift=+1.4264 drift=+0.4362
[ 363/630] gpt2-medium/residual seed=1 α=0.5 A2 lift=+1.5175 drift=+0.6343
[ 364/630] gpt2-medium/residual seed=1 α=0.5 A3 lift=+1.5175 drift=+0.6343
[ 365/630] gpt2-medium/residual seed=1 α=0.5 A4 lift=+1.4427 drift=+0.5649
[ 366/630] gpt2-medium/residual seed=1 α=1.0 A0 lift=+0.9392 drift=-0.0539
[ 367/630] gpt2-medium/residual seed=1 α=1.0 A1 lift=+1.5378 drift=+0.2900
[ 368/630] gpt2-medium/residual seed=1 α=1.0 A2 lift=+1.6291 drift=+0.7884
[ 369/630] gpt2-medium/residual seed=1 α=1.0 A3 lift=+1.6291 drift=+0.7884
[ 370/630] gpt2-medium/residual seed=1 α=1.0 A4 lift=+1.6282 drift=+0.6405
[ 371/630] gpt2-medium/residual seed=1 α=2.0 A0 lift=+1.0045 drift=+0.4863
[ 372/630] gpt2-medium/residual seed=1 α=2.0 A1 lift=+1.2328 drift=+0.5633
[ 373/630] gpt2-medium/residual seed=1 α=2.0 A2 lift=+1.5662 drift=+0.8499
[ 374/630] gpt2-medium/residual seed=1 α=2.0 A3 lift=+1.5662 drift=+0.8499
[ 375/630] gpt2-medium/residual seed=1 α=2.0 A4 lift=+1.4776 drift=+0.6030
[ 376/630] gpt2-medium/residual seed=1 α=4.0 A0 lift=+2.6051 drift=+2.0172
[ 377/630] gpt2-medium/residual seed=1 α=4.0 A1 lift=+1.6561 drift=+2.8470
[ 378/630] gpt2-medium/residual seed=1 α=4.0 A2 lift=+1.6355 drift=+0.6211
[ 379/630] gpt2-medium/residual seed=1 α=4.0 A3 lift=+1.6355 drift=+0.6211
[ 380/630] gpt2-medium/residual seed=1 α=4.0 A4 lift=+1.2401 drift=+0.2030
[ 381/630] gpt2-medium/residual seed=1 α=8.0 A0 lift=+2.4607 drift=+7.4050
[ 382/630] gpt2-medium/residual seed=1 α=8.0 A1 lift=+1.9841 drift=+6.2849
[ 383/630] gpt2-medium/residual seed=1 α=8.0 A2 lift=+1.4365 drift=+0.6906
[ 384/630] gpt2-medium/residual seed=1 α=8.0 A3 lift=+1.4365 drift=+0.6906
[ 385/630] gpt2-medium/residual seed=1 α=8.0 A4 lift=+0.8693 drift=+0.3171
[ 386/630] gpt2-medium/residual seed=2 α=0.0 A0 lift=+0.0000 drift=+0.0000
[ 387/630] gpt2-medium/residual seed=2 α=0.0 A1 lift=+0.0000 drift=+0.0000
[ 388/630] gpt2-medium/residual seed=2 α=0.0 A2 lift=+0.0000 drift=+0.0000
[ 389/630] gpt2-medium/residual seed=2 α=0.0 A3 lift=+0.0000 drift=+0.0000
[ 390/630] gpt2-medium/residual seed=2 α=0.0 A4 lift=+0.0000 drift=+0.0000
[ 391/630] gpt2-medium/residual seed=2 α=0.25 A0 lift=+1.2637 drift=+0.4164
[ 392/630] gpt2-medium/residual seed=2 α=0.25 A1 lift=+1.4163 drift=+0.4764
[ 393/630] gpt2-medium/residual seed=2 α=0.25 A2 lift=+1.2498 drift=+0.5179
[ 394/630] gpt2-medium/residual seed=2 α=0.25 A3 lift=+1.2498 drift=+0.5179
[ 395/630] gpt2-medium/residual seed=2 α=0.25 A4 lift=+1.1910 drift=+0.4848
[ 396/630] gpt2-medium/residual seed=2 α=0.5 A0 lift=+1.2455 drift=+0.2367
[ 397/630] gpt2-medium/residual seed=2 α=0.5 A1 lift=+1.4264 drift=+0.4362
[ 398/630] gpt2-medium/residual seed=2 α=0.5 A2 lift=+1.5175 drift=+0.6343
[ 399/630] gpt2-medium/residual seed=2 α=0.5 A3 lift=+1.5175 drift=+0.6343
[ 400/630] gpt2-medium/residual seed=2 α=0.5 A4 lift=+1.4427 drift=+0.5649
[ 401/630] gpt2-medium/residual seed=2 α=1.0 A0 lift=+0.9392 drift=-0.0539
[ 402/630] gpt2-medium/residual seed=2 α=1.0 A1 lift=+1.5378 drift=+0.2900
[ 403/630] gpt2-medium/residual seed=2 α=1.0 A2 lift=+1.6291 drift=+0.7884
[ 404/630] gpt2-medium/residual seed=2 α=1.0 A3 lift=+1.6291 drift=+0.7884
[ 405/630] gpt2-medium/residual seed=2 α=1.0 A4 lift=+1.6282 drift=+0.6405
[ 406/630] gpt2-medium/residual seed=2 α=2.0 A0 lift=+1.0045 drift=+0.4863
[ 407/630] gpt2-medium/residual seed=2 α=2.0 A1 lift=+1.2328 drift=+0.5633
[ 408/630] gpt2-medium/residual seed=2 α=2.0 A2 lift=+1.5662 drift=+0.8499
[ 409/630] gpt2-medium/residual seed=2 α=2.0 A3 lift=+1.5662 drift=+0.8499
[ 410/630] gpt2-medium/residual seed=2 α=2.0 A4 lift=+1.4776 drift=+0.6030
[ 411/630] gpt2-medium/residual seed=2 α=4.0 A0 lift=+2.6051 drift=+2.0172
[ 412/630] gpt2-medium/residual seed=2 α=4.0 A1 lift=+1.6561 drift=+2.8470
[ 413/630] gpt2-medium/residual seed=2 α=4.0 A2 lift=+1.6355 drift=+0.6211
[ 414/630] gpt2-medium/residual seed=2 α=4.0 A3 lift=+1.6355 drift=+0.6211
[ 415/630] gpt2-medium/residual seed=2 α=4.0 A4 lift=+1.2401 drift=+0.2030
[ 416/630] gpt2-medium/residual seed=2 α=8.0 A0 lift=+2.4607 drift=+7.4050
[ 417/630] gpt2-medium/residual seed=2 α=8.0 A1 lift=+1.9841 drift=+6.2849
[ 418/630] gpt2-medium/residual seed=2 α=8.0 A2 lift=+1.4365 drift=+0.6906
[ 419/630] gpt2-medium/residual seed=2 α=8.0 A3 lift=+1.4365 drift=+0.6906
[ 420/630] gpt2-medium/residual seed=2 α=8.0 A4 lift=+0.8693 drift=+0.3171
[lopi-sweep] loading arch=hc scale=gpt2-medium
Loading weights:   0%|          | 0/292 [00:00<?, ?it/s]Loading weights: 100%|██████████| 292/292 [00:00<00:00, 37843.73it/s]
[ 421/630] gpt2-medium/hc seed=0 α=0.0 A0 lift=+0.0000 drift=+0.0000
[ 422/630] gpt2-medium/hc seed=0 α=0.0 A1 lift=+0.0000 drift=+0.0000
[ 423/630] gpt2-medium/hc seed=0 α=0.0 A2 lift=+0.0000 drift=+0.0000
[ 424/630] gpt2-medium/hc seed=0 α=0.0 A3 lift=+0.0000 drift=+0.0000
[ 425/630] gpt2-medium/hc seed=0 α=0.0 A4 lift=+0.0000 drift=+0.0000
[ 426/630] gpt2-medium/hc seed=0 α=0.25 A0 lift=+1.2642 drift=+1.0412
[ 427/630] gpt2-medium/hc seed=0 α=0.25 A1 lift=+1.3625 drift=+1.2667
[ 428/630] gpt2-medium/hc seed=0 α=0.25 A2 lift=+1.3044 drift=+1.1188
[ 429/630] gpt2-medium/hc seed=0 α=0.25 A3 lift=+1.3044 drift=+1.1188
[ 430/630] gpt2-medium/hc seed=0 α=0.25 A4 lift=+1.3166 drift=+0.9755
[ 431/630] gpt2-medium/hc seed=0 α=0.5 A0 lift=+1.4668 drift=+1.2304
[ 432/630] gpt2-medium/hc seed=0 α=0.5 A1 lift=+1.1902 drift=+1.4479
[ 433/630] gpt2-medium/hc seed=0 α=0.5 A2 lift=+1.4859 drift=+1.4157
[ 434/630] gpt2-medium/hc seed=0 α=0.5 A3 lift=+1.4859 drift=+1.4157
[ 435/630] gpt2-medium/hc seed=0 α=0.5 A4 lift=+1.4015 drift=+1.2480
[ 436/630] gpt2-medium/hc seed=0 α=1.0 A0 lift=+1.0619 drift=+1.0687
[ 437/630] gpt2-medium/hc seed=0 α=1.0 A1 lift=+1.0216 drift=+1.6175
[ 438/630] gpt2-medium/hc seed=0 α=1.0 A2 lift=+1.5507 drift=+1.7645
[ 439/630] gpt2-medium/hc seed=0 α=1.0 A3 lift=+1.5507 drift=+1.7645
[ 440/630] gpt2-medium/hc seed=0 α=1.0 A4 lift=+1.4968 drift=+1.5637
[ 441/630] gpt2-medium/hc seed=0 α=2.0 A0 lift=+0.4032 drift=+0.7432
[ 442/630] gpt2-medium/hc seed=0 α=2.0 A1 lift=+0.3663 drift=+1.7421
[ 443/630] gpt2-medium/hc seed=0 α=2.0 A2 lift=+1.3400 drift=+1.9709
[ 444/630] gpt2-medium/hc seed=0 α=2.0 A3 lift=+1.3400 drift=+1.9709
[ 445/630] gpt2-medium/hc seed=0 α=2.0 A4 lift=+1.2498 drift=+1.7990
[ 446/630] gpt2-medium/hc seed=0 α=4.0 A0 lift=+1.2676 drift=+1.4981
[ 447/630] gpt2-medium/hc seed=0 α=4.0 A1 lift=+1.0039 drift=+2.4192
[ 448/630] gpt2-medium/hc seed=0 α=4.0 A2 lift=+0.9139 drift=+1.9788
[ 449/630] gpt2-medium/hc seed=0 α=4.0 A3 lift=+0.9139 drift=+1.9788
[ 450/630] gpt2-medium/hc seed=0 α=4.0 A4 lift=+0.9067 drift=+1.7760
[ 451/630] gpt2-medium/hc seed=0 α=8.0 A0 lift=+0.7095 drift=+6.4965
[ 452/630] gpt2-medium/hc seed=0 α=8.0 A1 lift=+0.4300 drift=+5.2965
[ 453/630] gpt2-medium/hc seed=0 α=8.0 A2 lift=+0.4559 drift=+2.2321
[ 454/630] gpt2-medium/hc seed=0 α=8.0 A3 lift=+0.4559 drift=+2.2321
[ 455/630] gpt2-medium/hc seed=0 α=8.0 A4 lift=+0.4832 drift=+1.6086
[ 456/630] gpt2-medium/hc seed=1 α=0.0 A0 lift=+0.0000 drift=+0.0000
[ 457/630] gpt2-medium/hc seed=1 α=0.0 A1 lift=+0.0000 drift=+0.0000
[ 458/630] gpt2-medium/hc seed=1 α=0.0 A2 lift=+0.0000 drift=+0.0000
[ 459/630] gpt2-medium/hc seed=1 α=0.0 A3 lift=+0.0000 drift=+0.0000
[ 460/630] gpt2-medium/hc seed=1 α=0.0 A4 lift=+0.0000 drift=+0.0000
[ 461/630] gpt2-medium/hc seed=1 α=0.25 A0 lift=+1.2642 drift=+1.0412
[ 462/630] gpt2-medium/hc seed=1 α=0.25 A1 lift=+1.3625 drift=+1.2667
[ 463/630] gpt2-medium/hc seed=1 α=0.25 A2 lift=+1.3044 drift=+1.1188
[ 464/630] gpt2-medium/hc seed=1 α=0.25 A3 lift=+1.3044 drift=+1.1188
[ 465/630] gpt2-medium/hc seed=1 α=0.25 A4 lift=+1.3166 drift=+0.9755
[ 466/630] gpt2-medium/hc seed=1 α=0.5 A0 lift=+1.4668 drift=+1.2304
[ 467/630] gpt2-medium/hc seed=1 α=0.5 A1 lift=+1.1902 drift=+1.4479
[ 468/630] gpt2-medium/hc seed=1 α=0.5 A2 lift=+1.4859 drift=+1.4157
[ 469/630] gpt2-medium/hc seed=1 α=0.5 A3 lift=+1.4859 drift=+1.4157
[ 470/630] gpt2-medium/hc seed=1 α=0.5 A4 lift=+1.4015 drift=+1.2480
[ 471/630] gpt2-medium/hc seed=1 α=1.0 A0 lift=+1.0619 drift=+1.0687
[ 472/630] gpt2-medium/hc seed=1 α=1.0 A1 lift=+1.0216 drift=+1.6175
[ 473/630] gpt2-medium/hc seed=1 α=1.0 A2 lift=+1.5507 drift=+1.7645
[ 474/630] gpt2-medium/hc seed=1 α=1.0 A3 lift=+1.5507 drift=+1.7645
[ 475/630] gpt2-medium/hc seed=1 α=1.0 A4 lift=+1.4968 drift=+1.5637
[ 476/630] gpt2-medium/hc seed=1 α=2.0 A0 lift=+0.4032 drift=+0.7432
[ 477/630] gpt2-medium/hc seed=1 α=2.0 A1 lift=+0.3663 drift=+1.7421
[ 478/630] gpt2-medium/hc seed=1 α=2.0 A2 lift=+1.3400 drift=+1.9709
[ 479/630] gpt2-medium/hc seed=1 α=2.0 A3 lift=+1.3400 drift=+1.9709
[ 480/630] gpt2-medium/hc seed=1 α=2.0 A4 lift=+1.2498 drift=+1.7990
[ 481/630] gpt2-medium/hc seed=1 α=4.0 A0 lift=+1.2676 drift=+1.4981
[ 482/630] gpt2-medium/hc seed=1 α=4.0 A1 lift=+1.0039 drift=+2.4192
[ 483/630] gpt2-medium/hc seed=1 α=4.0 A2 lift=+0.9139 drift=+1.9788
[ 484/630] gpt2-medium/hc seed=1 α=4.0 A3 lift=+0.9139 drift=+1.9788
[ 485/630] gpt2-medium/hc seed=1 α=4.0 A4 lift=+0.9067 drift=+1.7760
[ 486/630] gpt2-medium/hc seed=1 α=8.0 A0 lift=+0.7095 drift=+6.4965
[ 487/630] gpt2-medium/hc seed=1 α=8.0 A1 lift=+0.4300 drift=+5.2965
[ 488/630] gpt2-medium/hc seed=1 α=8.0 A2 lift=+0.4559 drift=+2.2321
[ 489/630] gpt2-medium/hc seed=1 α=8.0 A3 lift=+0.4559 drift=+2.2321
[ 490/630] gpt2-medium/hc seed=1 α=8.0 A4 lift=+0.4832 drift=+1.6086
[ 491/630] gpt2-medium/hc seed=2 α=0.0 A0 lift=+0.0000 drift=+0.0000
[ 492/630] gpt2-medium/hc seed=2 α=0.0 A1 lift=+0.0000 drift=+0.0000
[ 493/630] gpt2-medium/hc seed=2 α=0.0 A2 lift=+0.0000 drift=+0.0000
[ 494/630] gpt2-medium/hc seed=2 α=0.0 A3 lift=+0.0000 drift=+0.0000
[ 495/630] gpt2-medium/hc seed=2 α=0.0 A4 lift=+0.0000 drift=+0.0000
[ 496/630] gpt2-medium/hc seed=2 α=0.25 A0 lift=+1.2642 drift=+1.0412
[ 497/630] gpt2-medium/hc seed=2 α=0.25 A1 lift=+1.3625 drift=+1.2667
[ 498/630] gpt2-medium/hc seed=2 α=0.25 A2 lift=+1.3044 drift=+1.1188
[ 499/630] gpt2-medium/hc seed=2 α=0.25 A3 lift=+1.3044 drift=+1.1188
[ 500/630] gpt2-medium/hc seed=2 α=0.25 A4 lift=+1.3166 drift=+0.9755
[ 501/630] gpt2-medium/hc seed=2 α=0.5 A0 lift=+1.4668 drift=+1.2304
[ 502/630] gpt2-medium/hc seed=2 α=0.5 A1 lift=+1.1902 drift=+1.4479
[ 503/630] gpt2-medium/hc seed=2 α=0.5 A2 lift=+1.4859 drift=+1.4157
[ 504/630] gpt2-medium/hc seed=2 α=0.5 A3 lift=+1.4859 drift=+1.4157
[ 505/630] gpt2-medium/hc seed=2 α=0.5 A4 lift=+1.4015 drift=+1.2480
[ 506/630] gpt2-medium/hc seed=2 α=1.0 A0 lift=+1.0619 drift=+1.0687
[ 507/630] gpt2-medium/hc seed=2 α=1.0 A1 lift=+1.0216 drift=+1.6175
[ 508/630] gpt2-medium/hc seed=2 α=1.0 A2 lift=+1.5507 drift=+1.7645
[ 509/630] gpt2-medium/hc seed=2 α=1.0 A3 lift=+1.5507 drift=+1.7645
[ 510/630] gpt2-medium/hc seed=2 α=1.0 A4 lift=+1.4968 drift=+1.5637
[ 511/630] gpt2-medium/hc seed=2 α=2.0 A0 lift=+0.4032 drift=+0.7432
[ 512/630] gpt2-medium/hc seed=2 α=2.0 A1 lift=+0.3663 drift=+1.7421
[ 513/630] gpt2-medium/hc seed=2 α=2.0 A2 lift=+1.3400 drift=+1.9709
[ 514/630] gpt2-medium/hc seed=2 α=2.0 A3 lift=+1.3400 drift=+1.9709
[ 515/630] gpt2-medium/hc seed=2 α=2.0 A4 lift=+1.2498 drift=+1.7990
[ 516/630] gpt2-medium/hc seed=2 α=4.0 A0 lift=+1.2676 drift=+1.4981
[ 517/630] gpt2-medium/hc seed=2 α=4.0 A1 lift=+1.0039 drift=+2.4192
[ 518/630] gpt2-medium/hc seed=2 α=4.0 A2 lift=+0.9139 drift=+1.9788
[ 519/630] gpt2-medium/hc seed=2 α=4.0 A3 lift=+0.9139 drift=+1.9788
[ 520/630] gpt2-medium/hc seed=2 α=4.0 A4 lift=+0.9067 drift=+1.7760
[ 521/630] gpt2-medium/hc seed=2 α=8.0 A0 lift=+0.7095 drift=+6.4965
[ 522/630] gpt2-medium/hc seed=2 α=8.0 A1 lift=+0.4300 drift=+5.2965
[ 523/630] gpt2-medium/hc seed=2 α=8.0 A2 lift=+0.4559 drift=+2.2321
[ 524/630] gpt2-medium/hc seed=2 α=8.0 A3 lift=+0.4559 drift=+2.2321
[ 525/630] gpt2-medium/hc seed=2 α=8.0 A4 lift=+0.4832 drift=+1.6086
[lopi-sweep] loading arch=mhc scale=gpt2-medium
Loading weights:   0%|          | 0/292 [00:00<?, ?it/s]Loading weights: 100%|██████████| 292/292 [00:00<00:00, 34782.79it/s]
[ 526/630] gpt2-medium/mhc seed=0 α=0.0 A0 lift=+0.0000 drift=+0.0000
[ 527/630] gpt2-medium/mhc seed=0 α=0.0 A1 lift=+0.0000 drift=+0.0000
[ 528/630] gpt2-medium/mhc seed=0 α=0.0 A2 lift=+0.0000 drift=+0.0000
[ 529/630] gpt2-medium/mhc seed=0 α=0.0 A3 lift=+0.0000 drift=+0.0000
[ 530/630] gpt2-medium/mhc seed=0 α=0.0 A4 lift=+0.0000 drift=+0.0000
[ 531/630] gpt2-medium/mhc seed=0 α=0.25 A0 lift=+1.2642 drift=+1.0412
[ 532/630] gpt2-medium/mhc seed=0 α=0.25 A1 lift=+1.3625 drift=+1.2667
[ 533/630] gpt2-medium/mhc seed=0 α=0.25 A2 lift=+1.3044 drift=+1.1188
[ 534/630] gpt2-medium/mhc seed=0 α=0.25 A3 lift=+1.3044 drift=+1.1188
[ 535/630] gpt2-medium/mhc seed=0 α=0.25 A4 lift=+1.3166 drift=+0.9755
[ 536/630] gpt2-medium/mhc seed=0 α=0.5 A0 lift=+1.4668 drift=+1.2304
[ 537/630] gpt2-medium/mhc seed=0 α=0.5 A1 lift=+1.1902 drift=+1.4479
[ 538/630] gpt2-medium/mhc seed=0 α=0.5 A2 lift=+1.4859 drift=+1.4157
[ 539/630] gpt2-medium/mhc seed=0 α=0.5 A3 lift=+1.4859 drift=+1.4157
[ 540/630] gpt2-medium/mhc seed=0 α=0.5 A4 lift=+1.4015 drift=+1.2480
[ 541/630] gpt2-medium/mhc seed=0 α=1.0 A0 lift=+1.0619 drift=+1.0687
[ 542/630] gpt2-medium/mhc seed=0 α=1.0 A1 lift=+1.0216 drift=+1.6175
[ 543/630] gpt2-medium/mhc seed=0 α=1.0 A2 lift=+1.5507 drift=+1.7645
[ 544/630] gpt2-medium/mhc seed=0 α=1.0 A3 lift=+1.5507 drift=+1.7645
[ 545/630] gpt2-medium/mhc seed=0 α=1.0 A4 lift=+1.4968 drift=+1.5637
[ 546/630] gpt2-medium/mhc seed=0 α=2.0 A0 lift=+0.4032 drift=+0.7432
[ 547/630] gpt2-medium/mhc seed=0 α=2.0 A1 lift=+0.3663 drift=+1.7421
[ 548/630] gpt2-medium/mhc seed=0 α=2.0 A2 lift=+1.3400 drift=+1.9709
[ 549/630] gpt2-medium/mhc seed=0 α=2.0 A3 lift=+1.3400 drift=+1.9709
[ 550/630] gpt2-medium/mhc seed=0 α=2.0 A4 lift=+1.2498 drift=+1.7990
[ 551/630] gpt2-medium/mhc seed=0 α=4.0 A0 lift=+1.2676 drift=+1.4981
[ 552/630] gpt2-medium/mhc seed=0 α=4.0 A1 lift=+1.0039 drift=+2.4192
[ 553/630] gpt2-medium/mhc seed=0 α=4.0 A2 lift=+0.9139 drift=+1.9788
[ 554/630] gpt2-medium/mhc seed=0 α=4.0 A3 lift=+0.9139 drift=+1.9788
[ 555/630] gpt2-medium/mhc seed=0 α=4.0 A4 lift=+0.9067 drift=+1.7760
[ 556/630] gpt2-medium/mhc seed=0 α=8.0 A0 lift=+0.7095 drift=+6.4965
[ 557/630] gpt2-medium/mhc seed=0 α=8.0 A1 lift=+0.4300 drift=+5.2965
[ 558/630] gpt2-medium/mhc seed=0 α=8.0 A2 lift=+0.4559 drift=+2.2321
[ 559/630] gpt2-medium/mhc seed=0 α=8.0 A3 lift=+0.4559 drift=+2.2321
[ 560/630] gpt2-medium/mhc seed=0 α=8.0 A4 lift=+0.4832 drift=+1.6086
[ 561/630] gpt2-medium/mhc seed=1 α=0.0 A0 lift=+0.0000 drift=+0.0000
[ 562/630] gpt2-medium/mhc seed=1 α=0.0 A1 lift=+0.0000 drift=+0.0000
[ 563/630] gpt2-medium/mhc seed=1 α=0.0 A2 lift=+0.0000 drift=+0.0000
[ 564/630] gpt2-medium/mhc seed=1 α=0.0 A3 lift=+0.0000 drift=+0.0000
[ 565/630] gpt2-medium/mhc seed=1 α=0.0 A4 lift=+0.0000 drift=+0.0000
[ 566/630] gpt2-medium/mhc seed=1 α=0.25 A0 lift=+1.2642 drift=+1.0412
[ 567/630] gpt2-medium/mhc seed=1 α=0.25 A1 lift=+1.3625 drift=+1.2667
[ 568/630] gpt2-medium/mhc seed=1 α=0.25 A2 lift=+1.3044 drift=+1.1188
[ 569/630] gpt2-medium/mhc seed=1 α=0.25 A3 lift=+1.3044 drift=+1.1188
[ 570/630] gpt2-medium/mhc seed=1 α=0.25 A4 lift=+1.3166 drift=+0.9755
[ 571/630] gpt2-medium/mhc seed=1 α=0.5 A0 lift=+1.4668 drift=+1.2304
[ 572/630] gpt2-medium/mhc seed=1 α=0.5 A1 lift=+1.1902 drift=+1.4479
[ 573/630] gpt2-medium/mhc seed=1 α=0.5 A2 lift=+1.4859 drift=+1.4157
[ 574/630] gpt2-medium/mhc seed=1 α=0.5 A3 lift=+1.4859 drift=+1.4157
[ 575/630] gpt2-medium/mhc seed=1 α=0.5 A4 lift=+1.4015 drift=+1.2480
[ 576/630] gpt2-medium/mhc seed=1 α=1.0 A0 lift=+1.0619 drift=+1.0687
[ 577/630] gpt2-medium/mhc seed=1 α=1.0 A1 lift=+1.0216 drift=+1.6175
[ 578/630] gpt2-medium/mhc seed=1 α=1.0 A2 lift=+1.5507 drift=+1.7645
[ 579/630] gpt2-medium/mhc seed=1 α=1.0 A3 lift=+1.5507 drift=+1.7645
[ 580/630] gpt2-medium/mhc seed=1 α=1.0 A4 lift=+1.4968 drift=+1.5637
[ 581/630] gpt2-medium/mhc seed=1 α=2.0 A0 lift=+0.4032 drift=+0.7432
[ 582/630] gpt2-medium/mhc seed=1 α=2.0 A1 lift=+0.3663 drift=+1.7421
[ 583/630] gpt2-medium/mhc seed=1 α=2.0 A2 lift=+1.3400 drift=+1.9709
[ 584/630] gpt2-medium/mhc seed=1 α=2.0 A3 lift=+1.3400 drift=+1.9709
[ 585/630] gpt2-medium/mhc seed=1 α=2.0 A4 lift=+1.2498 drift=+1.7990
[ 586/630] gpt2-medium/mhc seed=1 α=4.0 A0 lift=+1.2676 drift=+1.4981
[ 587/630] gpt2-medium/mhc seed=1 α=4.0 A1 lift=+1.0039 drift=+2.4192
[ 588/630] gpt2-medium/mhc seed=1 α=4.0 A2 lift=+0.9139 drift=+1.9788
[ 589/630] gpt2-medium/mhc seed=1 α=4.0 A3 lift=+0.9139 drift=+1.9788
[ 590/630] gpt2-medium/mhc seed=1 α=4.0 A4 lift=+0.9067 drift=+1.7760
[ 591/630] gpt2-medium/mhc seed=1 α=8.0 A0 lift=+0.7095 drift=+6.4965
[ 592/630] gpt2-medium/mhc seed=1 α=8.0 A1 lift=+0.4300 drift=+5.2965
[ 593/630] gpt2-medium/mhc seed=1 α=8.0 A2 lift=+0.4559 drift=+2.2321
[ 594/630] gpt2-medium/mhc seed=1 α=8.0 A3 lift=+0.4559 drift=+2.2321
[ 595/630] gpt2-medium/mhc seed=1 α=8.0 A4 lift=+0.4832 drift=+1.6086
[ 596/630] gpt2-medium/mhc seed=2 α=0.0 A0 lift=+0.0000 drift=+0.0000
[ 597/630] gpt2-medium/mhc seed=2 α=0.0 A1 lift=+0.0000 drift=+0.0000
[ 598/630] gpt2-medium/mhc seed=2 α=0.0 A2 lift=+0.0000 drift=+0.0000
[ 599/630] gpt2-medium/mhc seed=2 α=0.0 A3 lift=+0.0000 drift=+0.0000
[ 600/630] gpt2-medium/mhc seed=2 α=0.0 A4 lift=+0.0000 drift=+0.0000
[ 601/630] gpt2-medium/mhc seed=2 α=0.25 A0 lift=+1.2642 drift=+1.0412
[ 602/630] gpt2-medium/mhc seed=2 α=0.25 A1 lift=+1.3625 drift=+1.2667
[ 603/630] gpt2-medium/mhc seed=2 α=0.25 A2 lift=+1.3044 drift=+1.1188
[ 604/630] gpt2-medium/mhc seed=2 α=0.25 A3 lift=+1.3044 drift=+1.1188
[ 605/630] gpt2-medium/mhc seed=2 α=0.25 A4 lift=+1.3166 drift=+0.9755
[ 606/630] gpt2-medium/mhc seed=2 α=0.5 A0 lift=+1.4668 drift=+1.2304
[ 607/630] gpt2-medium/mhc seed=2 α=0.5 A1 lift=+1.1902 drift=+1.4479
[ 608/630] gpt2-medium/mhc seed=2 α=0.5 A2 lift=+1.4859 drift=+1.4157
[ 609/630] gpt2-medium/mhc seed=2 α=0.5 A3 lift=+1.4859 drift=+1.4157
[ 610/630] gpt2-medium/mhc seed=2 α=0.5 A4 lift=+1.4015 drift=+1.2480
[ 611/630] gpt2-medium/mhc seed=2 α=1.0 A0 lift=+1.0619 drift=+1.0687
[ 612/630] gpt2-medium/mhc seed=2 α=1.0 A1 lift=+1.0216 drift=+1.6175
[ 613/630] gpt2-medium/mhc seed=2 α=1.0 A2 lift=+1.5507 drift=+1.7645
[ 614/630] gpt2-medium/mhc seed=2 α=1.0 A3 lift=+1.5507 drift=+1.7645
[ 615/630] gpt2-medium/mhc seed=2 α=1.0 A4 lift=+1.4968 drift=+1.5637
[ 616/630] gpt2-medium/mhc seed=2 α=2.0 A0 lift=+0.4032 drift=+0.7432
[ 617/630] gpt2-medium/mhc seed=2 α=2.0 A1 lift=+0.3663 drift=+1.7421
[ 618/630] gpt2-medium/mhc seed=2 α=2.0 A2 lift=+1.3400 drift=+1.9709
[ 619/630] gpt2-medium/mhc seed=2 α=2.0 A3 lift=+1.3400 drift=+1.9709
[ 620/630] gpt2-medium/mhc seed=2 α=2.0 A4 lift=+1.2498 drift=+1.7990
[ 621/630] gpt2-medium/mhc seed=2 α=4.0 A0 lift=+1.2676 drift=+1.4981
[ 622/630] gpt2-medium/mhc seed=2 α=4.0 A1 lift=+1.0039 drift=+2.4192
[ 623/630] gpt2-medium/mhc seed=2 α=4.0 A2 lift=+0.9139 drift=+1.9788
[ 624/630] gpt2-medium/mhc seed=2 α=4.0 A3 lift=+0.9139 drift=+1.9788
[ 625/630] gpt2-medium/mhc seed=2 α=4.0 A4 lift=+0.9067 drift=+1.7760
[ 626/630] gpt2-medium/mhc seed=2 α=8.0 A0 lift=+0.7095 drift=+6.4965
[ 627/630] gpt2-medium/mhc seed=2 α=8.0 A1 lift=+0.4300 drift=+5.2965
[ 628/630] gpt2-medium/mhc seed=2 α=8.0 A2 lift=+0.4559 drift=+2.2321
[ 629/630] gpt2-medium/mhc seed=2 α=8.0 A3 lift=+0.4559 drift=+2.2321
[ 630/630] gpt2-medium/mhc seed=2 α=8.0 A4 lift=+0.4832 drift=+1.6086
[lopi-sweep] DONE: wrote 630 cells to reports/cleanroom/lopi_v33/results.json
