[stage13b] loading google/gemma-4-E2B on mps bfloat16

=== 13B-1 paraphrase robustness ===
[13B-1 seed=0] facts=100 (req=100)
[bank] wrote 100 facts in 9.4s
[13B-1 alpha=0.5] canon=0.000  para=0.003
[13B-1 alpha=1.0] canon=0.000  para=0.003
[13B-1 alpha=1.5] canon=0.000  para=0.000
[13B-1 seed=1] facts=100 (req=100)
[bank] wrote 100 facts in 5.1s
[13B-1 alpha=0.5] canon=0.000  para=0.003
[13B-1 alpha=1.0] canon=0.000  para=0.003
[13B-1 alpha=1.5] canon=0.000  para=0.000
[13B-1 seed=2] facts=100 (req=100)
[bank] wrote 100 facts in 4.9s
[13B-1 alpha=0.5] canon=0.000  para=0.003
[13B-1 alpha=1.0] canon=0.000  para=0.003
[13B-1 alpha=1.5] canon=0.000  para=0.000

=== 13B-2 decoy curve ===
[bank] wrote 100 facts in 4.5s
[13B-2 alpha=0.5] K=0:0.60  K=10:0.45  K=50:0.00  K=100:0.00
[13B-2 alpha=1.0] K=0:0.60  K=10:0.15  K=50:0.00  K=100:0.00
[13B-2 alpha=1.5] K=0:0.60  K=10:0.00  K=50:0.00  K=100:0.00
[bank] wrote 100 facts in 4.6s
[13B-2 alpha=0.5] K=0:0.70  K=10:0.65  K=50:0.00  K=100:0.00
[13B-2 alpha=1.0] K=0:0.70  K=10:0.25  K=50:0.00  K=100:0.00
[13B-2 alpha=1.5] K=0:0.80  K=10:0.00  K=50:0.00  K=100:0.00
[bank] wrote 100 facts in 4.7s
[13B-2 alpha=0.5] K=0:0.70  K=10:0.70  K=50:0.00  K=100:0.00
[13B-2 alpha=1.0] K=0:0.70  K=10:0.45  K=50:0.00  K=100:0.00
[13B-2 alpha=1.5] K=0:0.70  K=10:0.00  K=50:0.00  K=100:0.00

=== 13B-3 LORO ===
[bank] wrote 101 facts in 4.8s
[13B-3 rel=P36 alpha=0.5] hold n=75  recall=0.000
[13B-3 rel=P36 alpha=1.0] hold n=75  recall=0.000
[13B-3 rel=P36 alpha=1.5] hold n=75  recall=0.000
[bank] wrote 154 facts in 6.9s
[13B-3 rel=P101 alpha=0.5] hold n=22  recall=0.000
[13B-3 rel=P101 alpha=1.0] hold n=22  recall=0.000
[13B-3 rel=P101 alpha=1.5] hold n=22  recall=0.000
[bank] wrote 156 facts in 6.7s
[13B-3 rel=P19 alpha=0.5] hold n=20  recall=0.000
[13B-3 rel=P19 alpha=1.0] hold n=20  recall=0.000
[13B-3 rel=P19 alpha=1.5] hold n=20  recall=0.000

=== SUMMARY ===
  13B-1_paraphrase: best=0.0033333333333333335 thr=0.7  pass=False
  13B-2_decoy: best=n/a thr=None  pass=True
  13B-3_loro: best=0.0 thr=0.5  pass=False
