[stage8] loading google/gemma-4-E2B on cuda (bfloat16)
[transformers] `torch_dtype` is deprecated! Use `dtype` instead!
Loading weights:   0%|          | 0/1951 [00:00<?, ?it/s]Loading weights:  83%|████████▎ | 1620/1951 [00:00<00:00, 16184.16it/s]Loading weights: 100%|██████████| 1951/1951 [00:00<00:00, 16186.63it/s]
[stage8] dataset=synthetic_colors built 4096 facts; hidden=1536
[stage8] encoder=multilayer
[stage8] step=1/2000 ce=22.5620 retr=1.4937 top1=0.000
[stage8] step=100/2000 ce=0.0001 retr=0.0047 top1=1.000
[stage8] step=200/2000 ce=0.0000 retr=0.0104 top1=1.000
[stage8] step=300/2000 ce=0.0000 retr=0.0095 top1=1.000
[stage8] step=400/2000 ce=0.0000 retr=0.0208 top1=1.000
[stage8] step=500/2000 ce=0.0000 retr=0.0031 top1=1.000
[stage8] step=600/2000 ce=0.0000 retr=0.0312 top1=1.000
[stage8] step=700/2000 ce=0.0000 retr=0.0077 top1=1.000
[stage8] step=800/2000 ce=0.0000 retr=0.0018 top1=1.000
[stage8] step=900/2000 ce=0.0000 retr=0.0052 top1=1.000
[stage8] step=1000/2000 ce=0.0000 retr=0.0024 top1=1.000
[stage8] step=1100/2000 ce=0.0000 retr=0.0003 top1=1.000
[stage8] step=1200/2000 ce=0.0000 retr=0.0004 top1=1.000
[stage8] step=1300/2000 ce=0.0000 retr=0.0014 top1=1.000
[stage8] step=1400/2000 ce=0.0000 retr=0.0027 top1=1.000
[stage8] step=1500/2000 ce=0.0000 retr=0.0009 top1=1.000
[stage8] step=1600/2000 ce=0.0000 retr=0.0052 top1=1.000
[stage8] step=1700/2000 ce=0.0000 retr=0.0048 top1=1.000
[stage8] step=1800/2000 ce=0.0000 retr=0.0016 top1=1.000
[stage8] step=1900/2000 ce=0.0000 retr=0.0008 top1=1.000
[stage8] step=2000/2000 ce=0.0000 retr=0.0005 top1=1.000
[stage8] summary -> reports/experiments/stage9A_multilayer_n4096_seed1/delta_experiment_summary.json

[stage8] === RESULTS ===
  closed-book bank_inject_retrieved top1 = 1.000  (G1: >=0.80 -> PASS)
  closed-book bank_inject_oracle    top1 = 1.000  (sanity upper bound)
  address retrieval recall@1            = 1.000  (GR: >=0.95 -> PASS)
  no_memory baseline top1                = 0.000  (G6: <=0.05 -> PASS)
  swap_paired paired-flip rate           = 1.000  (G5: >=0.80 -> PASS)
  closed-book NLL (retrieved)            = 0.000
  no_memory NLL                          = 22.377
