[stage8] loading google/gemma-4-E2B on cuda (bfloat16)
[transformers] `torch_dtype` is deprecated! Use `dtype` instead!
Loading weights:   0%|          | 0/1951 [00:00<?, ?it/s]Loading weights:  63%|██████▎   | 1236/1951 [00:00<00:00, 12357.48it/s]Loading weights: 100%|██████████| 1951/1951 [00:00<00:00, 12164.96it/s]
[stage8] dataset=synthetic_colors built 4096 facts; hidden=1536
[stage8] encoder=prompt_hidden
[stage8] step=1/2000 ce=22.5620 retr=2.7560 top1=0.000
[stage8] step=100/2000 ce=0.0003 retr=0.3178 top1=1.000
[stage8] step=200/2000 ce=0.0001 retr=0.4279 top1=1.000
[stage8] step=300/2000 ce=0.0000 retr=0.3581 top1=1.000
[stage8] step=400/2000 ce=0.0000 retr=0.3114 top1=1.000
[stage8] step=500/2000 ce=0.0000 retr=0.2552 top1=1.000
[stage8] step=600/2000 ce=0.0000 retr=0.4794 top1=1.000
[stage8] step=700/2000 ce=0.0000 retr=0.5597 top1=1.000
[stage8] step=800/2000 ce=0.0000 retr=0.3247 top1=1.000
[stage8] step=900/2000 ce=0.0000 retr=0.4458 top1=1.000
[stage8] step=1000/2000 ce=0.0000 retr=0.3410 top1=1.000
[stage8] step=1100/2000 ce=0.0000 retr=0.2259 top1=1.000
[stage8] step=1200/2000 ce=0.0000 retr=0.3440 top1=1.000
[stage8] step=1300/2000 ce=0.0000 retr=0.2052 top1=1.000
[stage8] step=1400/2000 ce=0.0000 retr=0.3950 top1=1.000
[stage8] step=1500/2000 ce=0.0000 retr=0.3465 top1=1.000
[stage8] step=1600/2000 ce=0.0000 retr=0.3814 top1=1.000
[stage8] step=1700/2000 ce=0.0000 retr=0.5085 top1=1.000
[stage8] step=1800/2000 ce=0.0000 retr=0.4216 top1=1.000
[stage8] step=1900/2000 ce=0.0000 retr=0.3388 top1=1.000
[stage8] step=2000/2000 ce=0.0000 retr=0.3340 top1=1.000
[stage8] summary -> reports/experiments/stage9A_prompt_hidden_n4096_seed1/delta_experiment_summary.json

[stage8] === RESULTS ===
  closed-book bank_inject_retrieved top1 = 1.000  (G1: >=0.80 -> PASS)
  closed-book bank_inject_oracle    top1 = 1.000  (sanity upper bound)
  address retrieval recall@1            = 1.000  (GR: >=0.95 -> PASS)
  no_memory baseline top1                = 0.000  (G6: <=0.05 -> PASS)
  swap_paired paired-flip rate           = 1.000  (G5: >=0.80 -> PASS)
  closed-book NLL (retrieved)            = 0.000
  no_memory NLL                          = 22.377
