[stage8] loading google/gemma-4-E2B on cuda (bfloat16)
[transformers] `torch_dtype` is deprecated! Use `dtype` instead!
Loading weights:   0%|          | 0/1951 [00:00<?, ?it/s]Loading weights:  74%|███████▎  | 1437/1951 [00:00<00:00, 14368.61it/s]Loading weights: 100%|██████████| 1951/1951 [00:00<00:00, 14203.20it/s]
[stage8] dataset=synthetic_colors built 4096 facts; hidden=1536
[stage8] encoder=prompt_hidden
[stage8] step=1/2000 ce=21.7621 retr=2.7490 top1=0.000
[stage8] step=100/2000 ce=0.0006 retr=0.2902 top1=1.000
[stage8] step=200/2000 ce=0.0001 retr=0.3342 top1=1.000
[stage8] step=300/2000 ce=0.0000 retr=0.4726 top1=1.000
[stage8] step=400/2000 ce=0.0000 retr=0.1923 top1=1.000
[stage8] step=500/2000 ce=0.0000 retr=0.3960 top1=1.000
[stage8] step=600/2000 ce=0.0000 retr=0.5204 top1=1.000
[stage8] step=700/2000 ce=0.0000 retr=0.2359 top1=1.000
[stage8] step=800/2000 ce=0.0000 retr=0.1604 top1=1.000
[stage8] step=900/2000 ce=0.0000 retr=0.3270 top1=1.000
[stage8] step=1000/2000 ce=0.0000 retr=0.1637 top1=1.000
[stage8] step=1100/2000 ce=0.0000 retr=0.2453 top1=1.000
[stage8] step=1200/2000 ce=0.0000 retr=0.2440 top1=1.000
[stage8] step=1300/2000 ce=0.0000 retr=0.1385 top1=1.000
[stage8] step=1400/2000 ce=0.0000 retr=0.4914 top1=1.000
[stage8] step=1500/2000 ce=0.0000 retr=0.1310 top1=1.000
[stage8] step=1600/2000 ce=0.0000 retr=0.2656 top1=1.000
[stage8] step=1700/2000 ce=0.0000 retr=0.4347 top1=1.000
[stage8] step=1800/2000 ce=0.0000 retr=0.3446 top1=1.000
[stage8] step=1900/2000 ce=0.0000 retr=0.2339 top1=1.000
[stage8] step=2000/2000 ce=0.0000 retr=0.1647 top1=1.000
[stage8] summary -> reports/experiments/stage9A_prompt_hidden_n4096_seed2/delta_experiment_summary.json

[stage8] === RESULTS ===
  closed-book bank_inject_retrieved top1 = 1.000  (G1: >=0.80 -> PASS)
  closed-book bank_inject_oracle    top1 = 1.000  (sanity upper bound)
  address retrieval recall@1            = 1.000  (GR: >=0.95 -> PASS)
  no_memory baseline top1                = 0.000  (G6: <=0.05 -> PASS)
  swap_paired paired-flip rate           = 1.000  (G5: >=0.80 -> PASS)
  closed-book NLL (retrieved)            = 0.000
  no_memory NLL                          = 22.313
