[stage8] loading google/gemma-4-E2B on cuda (bfloat16)
[transformers] `torch_dtype` is deprecated! Use `dtype` instead!
Loading weights:   0%|          | 0/1951 [00:00<?, ?it/s]Loading weights:  67%|██████▋   | 1299/1951 [00:00<00:00, 12989.02it/s]Loading weights: 100%|██████████| 1951/1951 [00:00<00:00, 13085.76it/s]
[stage8] dataset=synthetic_colors built 4096 facts; hidden=1536
[stage8] encoder=mean_pool
[stage8] step=1/2000 ce=22.3453 retr=2.4876 top1=0.000
[stage8] step=100/2000 ce=0.0000 retr=0.1295 top1=1.000
[stage8] step=200/2000 ce=0.0000 retr=0.0078 top1=1.000
[stage8] step=300/2000 ce=0.0000 retr=0.0431 top1=1.000
[stage8] step=400/2000 ce=0.0000 retr=0.0115 top1=1.000
[stage8] step=500/2000 ce=0.0000 retr=0.0217 top1=1.000
[stage8] step=600/2000 ce=0.0000 retr=0.0157 top1=1.000
[stage8] step=700/2000 ce=0.0000 retr=0.0158 top1=1.000
[stage8] step=800/2000 ce=0.0000 retr=0.0189 top1=1.000
[stage8] step=900/2000 ce=0.0000 retr=0.0056 top1=1.000
[stage8] step=1000/2000 ce=0.0000 retr=0.0478 top1=1.000
[stage8] step=1100/2000 ce=0.0000 retr=0.0398 top1=1.000
[stage8] step=1200/2000 ce=0.0000 retr=0.0092 top1=1.000
[stage8] step=1300/2000 ce=0.0000 retr=0.0180 top1=1.000
[stage8] step=1400/2000 ce=0.0000 retr=0.0060 top1=1.000
[stage8] step=1500/2000 ce=0.0000 retr=0.0302 top1=1.000
[stage8] step=1600/2000 ce=0.0000 retr=0.0222 top1=1.000
[stage8] step=1700/2000 ce=0.0000 retr=0.0052 top1=1.000
[stage8] step=1800/2000 ce=0.0000 retr=0.0046 top1=1.000
[stage8] step=1900/2000 ce=0.0000 retr=0.0112 top1=1.000
[stage8] step=2000/2000 ce=0.0000 retr=0.0293 top1=1.000
[stage8] summary -> reports/experiments/stage9A_mean_pool_n4096_seed0/delta_experiment_summary.json

[stage8] === RESULTS ===
  closed-book bank_inject_retrieved top1 = 0.838  (G1: >=0.80 -> PASS)
  closed-book bank_inject_oracle    top1 = 1.000  (sanity upper bound)
  address retrieval recall@1            = 0.832  (GR: >=0.95 -> FAIL)
  no_memory baseline top1                = 0.000  (G6: <=0.05 -> PASS)
  swap_paired paired-flip rate           = 1.000  (G5: >=0.80 -> PASS)
  closed-book NLL (retrieved)            = 4.044
  no_memory NLL                          = 22.290
