[stage8] loading google/gemma-4-E2B on cuda (bfloat16)
[transformers] `torch_dtype` is deprecated! Use `dtype` instead!
Loading weights:   0%|          | 0/1951 [00:00<?, ?it/s]Loading weights:  81%|████████  | 1585/1951 [00:00<00:00, 15832.88it/s]Loading weights: 100%|██████████| 1951/1951 [00:00<00:00, 15870.32it/s]
[stage8] WARN: skipped 27/183 LAMA rows (multi-token answer under tokenizer)
[stage8] dataset=lama_curated built 156 facts; hidden=1536
[stage8] encoder=prompt_hidden
[stage8] step=1/1500 ce=20.7034 retr=0.9193 top1=0.000
[stage8] step=75/1500 ce=0.0026 retr=0.1961 top1=1.000
[stage8] step=150/1500 ce=0.0004 retr=0.0705 top1=1.000
[stage8] step=225/1500 ce=0.0001 retr=0.0813 top1=1.000
[stage8] step=300/1500 ce=0.0000 retr=0.0541 top1=1.000
[stage8] step=375/1500 ce=0.0000 retr=0.1779 top1=1.000
[stage8] step=450/1500 ce=0.0000 retr=0.0563 top1=1.000
[stage8] step=525/1500 ce=0.0000 retr=0.1120 top1=1.000
[stage8] step=600/1500 ce=0.0000 retr=0.0792 top1=1.000
[stage8] step=675/1500 ce=0.0000 retr=0.0030 top1=1.000
[stage8] step=750/1500 ce=0.0000 retr=0.0058 top1=1.000
[stage8] step=825/1500 ce=0.0000 retr=0.0589 top1=1.000
[stage8] step=900/1500 ce=0.0000 retr=0.0091 top1=1.000
[stage8] step=975/1500 ce=0.0000 retr=0.1853 top1=1.000
[stage8] step=1050/1500 ce=0.0000 retr=0.2103 top1=1.000
[stage8] step=1125/1500 ce=0.0000 retr=0.0903 top1=1.000
[stage8] step=1200/1500 ce=0.0000 retr=0.1798 top1=1.000
[stage8] step=1275/1500 ce=0.0000 retr=0.1500 top1=1.000
[stage8] step=1350/1500 ce=0.0000 retr=0.1752 top1=1.000
[stage8] step=1425/1500 ce=0.0000 retr=0.1955 top1=1.000
[stage8] step=1500/1500 ce=0.0000 retr=0.0138 top1=1.000
[stage8] summary -> reports/experiments/stage9B_trex_prompt_hidden_seed1/delta_experiment_summary.json

[stage8] === RESULTS ===
  closed-book bank_inject_retrieved top1 = 1.000  (G1: >=0.80 -> PASS)
  closed-book bank_inject_oracle    top1 = 1.000  (sanity upper bound)
  address retrieval recall@1            = 1.000  (GR: >=0.95 -> PASS)
  no_memory baseline top1                = 0.000  (G6: <=0.05 -> PASS)
  swap_paired paired-flip rate           = 0.981  (G5: >=0.80 -> PASS)
  closed-book NLL (retrieved)            = 0.000
  no_memory NLL                          = 20.952
