[stage8] loading google/gemma-4-E2B on cuda (bfloat16)
[transformers] `torch_dtype` is deprecated! Use `dtype` instead!
Loading weights:   0%|          | 0/1951 [00:00<?, ?it/s]Loading weights:  77%|███████▋  | 1511/1951 [00:00<00:00, 15077.73it/s]Loading weights: 100%|██████████| 1951/1951 [00:00<00:00, 14896.89it/s]
[stage8] dataset=synthetic_colors built 4096 facts; hidden=1536
[stage8] encoder=multilayer
[stage8] step=1/2000 ce=22.3453 retr=1.3178 top1=0.000
[stage8] step=100/2000 ce=0.0001 retr=0.0922 top1=1.000
[stage8] step=200/2000 ce=0.0000 retr=0.0140 top1=1.000
[stage8] step=300/2000 ce=0.0000 retr=0.0108 top1=1.000
[stage8] step=400/2000 ce=0.0000 retr=0.0072 top1=1.000
[stage8] step=500/2000 ce=0.0000 retr=0.0036 top1=1.000
[stage8] step=600/2000 ce=0.0000 retr=0.0031 top1=1.000
[stage8] step=700/2000 ce=0.0000 retr=0.0017 top1=1.000
[stage8] step=800/2000 ce=0.0000 retr=0.0088 top1=1.000
[stage8] step=900/2000 ce=0.0000 retr=0.0107 top1=1.000
[stage8] step=1000/2000 ce=0.0000 retr=0.0041 top1=1.000
[stage8] step=1100/2000 ce=0.0000 retr=0.0057 top1=1.000
[stage8] step=1200/2000 ce=0.0000 retr=0.0031 top1=1.000
[stage8] step=1300/2000 ce=0.0000 retr=0.0047 top1=1.000
[stage8] step=1400/2000 ce=0.0000 retr=0.0019 top1=1.000
[stage8] step=1500/2000 ce=0.0000 retr=0.0007 top1=1.000
[stage8] step=1600/2000 ce=0.0000 retr=0.0020 top1=1.000
[stage8] step=1700/2000 ce=0.0000 retr=0.0005 top1=1.000
[stage8] step=1800/2000 ce=0.0000 retr=0.0013 top1=1.000
[stage8] step=1900/2000 ce=0.0000 retr=0.0009 top1=1.000
[stage8] step=2000/2000 ce=0.0000 retr=0.0021 top1=1.000
[stage8] summary -> reports/experiments/stage9A_multilayer_n4096_seed0/delta_experiment_summary.json

[stage8] === RESULTS ===
  closed-book bank_inject_retrieved top1 = 1.000  (G1: >=0.80 -> PASS)
  closed-book bank_inject_oracle    top1 = 1.000  (sanity upper bound)
  address retrieval recall@1            = 1.000  (GR: >=0.95 -> PASS)
  no_memory baseline top1                = 0.000  (G6: <=0.05 -> PASS)
  swap_paired paired-flip rate           = 1.000  (G5: >=0.80 -> PASS)
  closed-book NLL (retrieved)            = 0.000
  no_memory NLL                          = 22.290
