[stage8] loading google/gemma-4-E2B on cuda (bfloat16)
[transformers] `torch_dtype` is deprecated! Use `dtype` instead!
Loading weights:   0%|          | 0/1951 [00:00<?, ?it/s]Loading weights:  70%|██████▉   | 1357/1951 [00:00<00:00, 13569.43it/s]Loading weights: 100%|██████████| 1951/1951 [00:00<00:00, 13623.31it/s]
[stage8] WARN: skipped 27/183 LAMA rows (multi-token answer under tokenizer)
[stage8] dataset=lama_curated built 156 facts; hidden=1536
[stage8] encoder=prompt_hidden
[stage8] step=1/1500 ce=21.0585 retr=1.1339 top1=0.000
[stage8] step=75/1500 ce=0.0040 retr=0.1052 top1=1.000
[stage8] step=150/1500 ce=0.0010 retr=0.1899 top1=1.000
[stage8] step=225/1500 ce=0.0001 retr=0.0311 top1=1.000
[stage8] step=300/1500 ce=0.0000 retr=0.0124 top1=1.000
[stage8] step=375/1500 ce=0.0000 retr=0.1169 top1=1.000
[stage8] step=450/1500 ce=0.0000 retr=0.0096 top1=1.000
[stage8] step=525/1500 ce=0.0000 retr=0.1854 top1=1.000
[stage8] step=600/1500 ce=0.0000 retr=0.0621 top1=1.000
[stage8] step=675/1500 ce=0.0000 retr=0.1825 top1=1.000
[stage8] step=750/1500 ce=0.0000 retr=0.3007 top1=1.000
[stage8] step=825/1500 ce=0.0000 retr=0.0011 top1=1.000
[stage8] step=900/1500 ce=0.0000 retr=0.0658 top1=1.000
[stage8] step=975/1500 ce=0.0000 retr=0.0036 top1=1.000
[stage8] step=1050/1500 ce=0.0000 retr=0.1956 top1=1.000
[stage8] step=1125/1500 ce=0.0000 retr=0.0124 top1=1.000
[stage8] step=1200/1500 ce=0.0000 retr=0.0084 top1=1.000
[stage8] step=1275/1500 ce=0.0000 retr=0.0917 top1=1.000
[stage8] step=1350/1500 ce=0.0000 retr=0.0451 top1=1.000
[stage8] step=1425/1500 ce=0.0000 retr=0.0954 top1=1.000
[stage8] step=1500/1500 ce=0.0000 retr=0.0027 top1=1.000
[stage8] summary -> reports/experiments/stage9B_trex_prompt_hidden_seed2/delta_experiment_summary.json

[stage8] === RESULTS ===
  closed-book bank_inject_retrieved top1 = 1.000  (G1: >=0.80 -> PASS)
  closed-book bank_inject_oracle    top1 = 1.000  (sanity upper bound)
  address retrieval recall@1            = 1.000  (GR: >=0.95 -> PASS)
  no_memory baseline top1                = 0.000  (G6: <=0.05 -> PASS)
  swap_paired paired-flip rate           = 1.000  (G5: >=0.80 -> PASS)
  closed-book NLL (retrieved)            = 0.000
  no_memory NLL                          = 20.952
