=== Phase 9A: encoder sweep, N=4096, seed=0 ===
>>> running mean_pool
>>> running attn_pool
>>> running multilayer
>>> running prompt_hidden
>>> running residual_mlp
=== Phase 9A-bis: best two encoders × seed {1,2} ===
>>> prompt_hidden seed=1
>>> prompt_hidden seed=2
>>> multilayer seed=1
>>> multilayer seed=2
=== Phase 9B: full LAMA-TREx with best encoder ===
=== Phase 9C: opponent baselines on LAMA-TREx full ===
  WARN sft_lora
=== Stage 9 sweep complete ===
-rw-rw-r-- 1 gabira gabira 3598  5月  3 01:14 reports/experiments/stage9A_attn_pool_n4096_seed0/delta_experiment_summary.json
-rw-rw-r-- 1 gabira gabira 3583  5月  3 01:10 reports/experiments/stage9A_mean_pool_n4096_seed0/delta_experiment_summary.json
-rw-rw-r-- 1 gabira gabira 3555  5月  3 01:19 reports/experiments/stage9A_multilayer_n4096_seed0/delta_experiment_summary.json
-rw-rw-r-- 1 gabira gabira 3554  5月  3 01:43 reports/experiments/stage9A_multilayer_n4096_seed1/delta_experiment_summary.json
-rw-rw-r-- 1 gabira gabira 3555  5月  3 01:48 reports/experiments/stage9A_multilayer_n4096_seed2/delta_experiment_summary.json
-rw-rw-r-- 1 gabira gabira 3521  5月  3 01:24 reports/experiments/stage9A_prompt_hidden_n4096_seed0/delta_experiment_summary.json
-rw-rw-r-- 1 gabira gabira 3520  5月  3 01:34 reports/experiments/stage9A_prompt_hidden_n4096_seed1/delta_experiment_summary.json
-rw-rw-r-- 1 gabira gabira 3523  5月  3 01:39 reports/experiments/stage9A_prompt_hidden_n4096_seed2/delta_experiment_summary.json
-rw-rw-r-- 1 gabira gabira 3607  5月  3 01:29 reports/experiments/stage9A_residual_mlp_n4096_seed0/delta_experiment_summary.json
-rw-rw-r-- 1 gabira gabira 3566  5月  3 01:51 reports/experiments/stage9B_trex_prompt_hidden_seed0/delta_experiment_summary.json
-rw-rw-r-- 1 gabira gabira 3562  5月  3 01:54 reports/experiments/stage9B_trex_prompt_hidden_seed1/delta_experiment_summary.json
-rw-rw-r-- 1 gabira gabira 3532  5月  3 01:57 reports/experiments/stage9B_trex_prompt_hidden_seed2/delta_experiment_summary.json
-rw-rw-r-- 1 gabira gabira  595  5月  3 01:59 reports/experiments/stage9C_ike_seed0/delta_experiment_summary.json
-rw-rw-r-- 1 gabira gabira  607  5月  3 01:58 reports/experiments/stage9C_vector_rag_seed0/delta_experiment_summary.json
